mode: set
github.com/k0sproject/rig/v2/aliases.go:44.58,46.16 2 1
github.com/k0sproject/rig/v2/aliases.go:46.16,48.3 1 0
github.com/k0sproject/rig/v2/aliases.go:49.2,49.16 1 1
github.com/k0sproject/rig/v2/aliases.go:53.85,55.16 2 1
github.com/k0sproject/rig/v2/aliases.go:55.16,57.3 1 1
github.com/k0sproject/rig/v2/aliases.go:58.2,58.17 1 1
github.com/k0sproject/rig/v2/aliases.go:62.89,64.16 2 1
github.com/k0sproject/rig/v2/aliases.go:64.16,66.3 1 1
github.com/k0sproject/rig/v2/aliases.go:67.2,67.16 1 1
github.com/k0sproject/rig/v2/aliases.go:71.59,73.16 2 1
github.com/k0sproject/rig/v2/aliases.go:73.16,75.3 1 1
github.com/k0sproject/rig/v2/aliases.go:76.2,76.19 1 1
github.com/k0sproject/rig/v2/aliases.go:80.65,82.16 2 1
github.com/k0sproject/rig/v2/aliases.go:82.16,84.3 1 1
github.com/k0sproject/rig/v2/aliases.go:85.2,85.16 1 1
github.com/k0sproject/rig/v2/aliases.go:90.62,92.2 1 0
github.com/k0sproject/rig/v2/capabilities.go:70.64,71.9 1 1
github.com/k0sproject/rig/v2/capabilities.go:72.18,73.20 1 1
github.com/k0sproject/rig/v2/capabilities.go:74.21,75.33 1 0
github.com/k0sproject/rig/v2/capabilities.go:76.10,77.19 1 1
github.com/k0sproject/rig/v2/capabilities.go:82.39,87.2 1 1
github.com/k0sproject/rig/v2/capabilities.go:89.41,90.17 1 1
github.com/k0sproject/rig/v2/capabilities.go:90.17,92.3 1 1
github.com/k0sproject/rig/v2/capabilities.go:93.2,93.20 1 0
github.com/k0sproject/rig/v2/capabilities.go:93.20,95.3 1 0
github.com/k0sproject/rig/v2/capabilities.go:96.2,96.18 1 0
github.com/k0sproject/rig/v2/capabilities.go:99.41,100.16 1 1
github.com/k0sproject/rig/v2/capabilities.go:100.16,102.3 1 1
github.com/k0sproject/rig/v2/capabilities.go:103.2,103.26 1 0
github.com/k0sproject/rig/v2/capabilities.go:103.26,105.3 1 0
github.com/k0sproject/rig/v2/capabilities.go:106.2,106.18 1 0
github.com/k0sproject/rig/v2/capabilities.go:109.41,110.28 1 1
github.com/k0sproject/rig/v2/capabilities.go:110.28,112.3 1 1
github.com/k0sproject/rig/v2/capabilities.go:113.2,113.32 1 0
github.com/k0sproject/rig/v2/capabilities.go:113.32,115.3 1 0
github.com/k0sproject/rig/v2/capabilities.go:116.2,116.15 1 0
github.com/k0sproject/rig/v2/capabilities.go:119.41,120.24 1 1
github.com/k0sproject/rig/v2/capabilities.go:120.24,122.3 1 1
github.com/k0sproject/rig/v2/capabilities.go:123.2,123.28 1 0
github.com/k0sproject/rig/v2/capabilities.go:123.28,125.3 1 0
github.com/k0sproject/rig/v2/capabilities.go:126.2,126.15 1 0
github.com/k0sproject/rig/v2/capabilities.go:129.43,130.12 1 1
github.com/k0sproject/rig/v2/capabilities.go:130.12,132.3 1 1
github.com/k0sproject/rig/v2/capabilities.go:133.2,133.22 1 0
github.com/k0sproject/rig/v2/capabilities.go:133.22,135.3 1 0
github.com/k0sproject/rig/v2/capabilities.go:136.2,136.13 1 0
github.com/k0sproject/rig/v2/capabilities.go:139.54,140.23 1 1
github.com/k0sproject/rig/v2/capabilities.go:140.23,142.3 1 0
github.com/k0sproject/rig/v2/capabilities.go:143.2,143.13 1 1
github.com/k0sproject/rig/v2/capabilities.go:155.46,161.41 3 1
github.com/k0sproject/rig/v2/capabilities.go:161.41,163.3 1 0
github.com/k0sproject/rig/v2/capabilities.go:165.2,165.52 1 1
github.com/k0sproject/rig/v2/capabilities.go:165.52,167.3 1 1
github.com/k0sproject/rig/v2/capabilities.go:167.8,167.22 1 1
github.com/k0sproject/rig/v2/capabilities.go:167.22,169.3 1 0
github.com/k0sproject/rig/v2/capabilities.go:169.8,171.3 1 1
github.com/k0sproject/rig/v2/capabilities.go:173.2,173.70 1 1
github.com/k0sproject/rig/v2/capabilities.go:173.70,175.3 1 1
github.com/k0sproject/rig/v2/capabilities.go:175.8,175.22 1 1
github.com/k0sproject/rig/v2/capabilities.go:175.22,177.3 1 0
github.com/k0sproject/rig/v2/capabilities.go:177.8,177.43 1 1
github.com/k0sproject/rig/v2/capabilities.go:177.43,179.3 1 1
github.com/k0sproject/rig/v2/capabilities.go:179.8,181.3 1 0
github.com/k0sproject/rig/v2/capabilities.go:183.2,183.47 1 1
github.com/k0sproject/rig/v2/capabilities.go:183.47,185.3 1 1
github.com/k0sproject/rig/v2/capabilities.go:185.8,185.22 1 1
github.com/k0sproject/rig/v2/capabilities.go:185.22,187.3 1 0
github.com/k0sproject/rig/v2/capabilities.go:187.8,187.43 1 1
github.com/k0sproject/rig/v2/capabilities.go:187.43,189.3 1 1
github.com/k0sproject/rig/v2/capabilities.go:189.8,191.3 1 0
github.com/k0sproject/rig/v2/capabilities.go:193.2,195.25 2 1
github.com/k0sproject/rig/v2/capabilities.go:195.25,197.3 1 1
github.com/k0sproject/rig/v2/capabilities.go:199.2,199.13 1 1
github.com/k0sproject/rig/v2/client.go:108.79,111.21 3 1
github.com/k0sproject/rig/v2/client.go:111.21,113.3 1 1
github.com/k0sproject/rig/v2/client.go:114.2,116.16 3 1
github.com/k0sproject/rig/v2/client.go:116.16,118.3 1 0
github.com/k0sproject/rig/v2/client.go:119.2,120.20 2 1
github.com/k0sproject/rig/v2/client.go:124.62,127.2 2 0
github.com/k0sproject/rig/v2/client.go:134.85,136.16 2 1
github.com/k0sproject/rig/v2/client.go:136.16,138.3 1 0
github.com/k0sproject/rig/v2/client.go:139.2,139.28 1 1
github.com/k0sproject/rig/v2/client.go:149.75,152.40 3 1
github.com/k0sproject/rig/v2/client.go:152.40,154.3 1 0
github.com/k0sproject/rig/v2/client.go:155.2,159.16 5 1
github.com/k0sproject/rig/v2/client.go:159.16,161.3 1 0
github.com/k0sproject/rig/v2/client.go:162.2,162.12 1 1
github.com/k0sproject/rig/v2/client.go:192.55,194.43 2 1
github.com/k0sproject/rig/v2/client.go:194.43,196.3 1 0
github.com/k0sproject/rig/v2/client.go:197.2,198.37 2 1
github.com/k0sproject/rig/v2/client.go:198.37,200.3 1 0
github.com/k0sproject/rig/v2/client.go:201.2,201.18 1 1
github.com/k0sproject/rig/v2/client.go:204.42,206.16 2 1
github.com/k0sproject/rig/v2/client.go:206.16,208.3 1 1
github.com/k0sproject/rig/v2/client.go:209.2,211.12 3 1
github.com/k0sproject/rig/v2/client.go:214.52,215.19 1 1
github.com/k0sproject/rig/v2/client.go:215.19,216.20 1 1
github.com/k0sproject/rig/v2/client.go:216.20,218.4 1 0
github.com/k0sproject/rig/v2/client.go:219.3,220.23 2 1
github.com/k0sproject/rig/v2/client.go:220.23,222.4 1 1
github.com/k0sproject/rig/v2/client.go:224.3,236.65 11 1
github.com/k0sproject/rig/v2/client.go:238.2,238.18 1 1
github.com/k0sproject/rig/v2/client.go:248.57,250.16 2 0
github.com/k0sproject/rig/v2/client.go:250.16,252.3 1 0
github.com/k0sproject/rig/v2/client.go:253.2,253.77 1 0
github.com/k0sproject/rig/v2/client.go:263.52,264.25 1 1
github.com/k0sproject/rig/v2/client.go:264.25,266.3 1 1
github.com/k0sproject/rig/v2/client.go:267.2,267.43 1 1
github.com/k0sproject/rig/v2/client.go:267.43,269.3 1 1
github.com/k0sproject/rig/v2/client.go:270.2,270.12 1 0
github.com/k0sproject/rig/v2/client.go:275.34,276.25 1 0
github.com/k0sproject/rig/v2/client.go:276.25,277.61 1 0
github.com/k0sproject/rig/v2/client.go:277.61,279.4 1 0
github.com/k0sproject/rig/v2/client.go:280.3,280.46 1 0
github.com/k0sproject/rig/v2/client.go:283.2,283.30 1 0
github.com/k0sproject/rig/v2/client.go:287.54,295.2 5 1
github.com/k0sproject/rig/v2/client.go:298.33,299.23 1 1
github.com/k0sproject/rig/v2/client.go:299.23,301.17 2 1
github.com/k0sproject/rig/v2/client.go:301.17,303.4 1 0
github.com/k0sproject/rig/v2/client.go:304.3,308.4 1 1
github.com/k0sproject/rig/v2/client.go:310.2,310.20 1 1
github.com/k0sproject/rig/v2/client.go:313.53,314.55 1 1
github.com/k0sproject/rig/v2/client.go:314.55,316.3 1 1
github.com/k0sproject/rig/v2/client.go:317.2,317.12 1 1
github.com/k0sproject/rig/v2/client.go:324.53,328.25 3 1
github.com/k0sproject/rig/v2/client.go:328.25,330.3 1 0
github.com/k0sproject/rig/v2/client.go:332.2,332.34 1 1
github.com/k0sproject/rig/v2/client.go:332.34,336.3 3 1
github.com/k0sproject/rig/v2/client.go:338.2,338.30 1 1
github.com/k0sproject/rig/v2/client.go:338.30,339.40 1 0
github.com/k0sproject/rig/v2/client.go:339.40,341.4 1 0
github.com/k0sproject/rig/v2/client.go:342.3,342.13 1 0
github.com/k0sproject/rig/v2/client.go:345.2,345.66 1 1
github.com/k0sproject/rig/v2/client.go:345.66,347.3 1 1
github.com/k0sproject/rig/v2/client.go:348.24,348.76 1 0
github.com/k0sproject/rig/v2/client.go:350.2,350.16 1 1
github.com/k0sproject/rig/v2/client.go:350.16,352.3 1 0
github.com/k0sproject/rig/v2/client.go:354.2,354.12 1 1
github.com/k0sproject/rig/v2/client.go:358.31,362.25 3 1
github.com/k0sproject/rig/v2/client.go:362.25,364.3 1 0
github.com/k0sproject/rig/v2/client.go:365.2,365.58 1 1
github.com/k0sproject/rig/v2/client.go:365.58,367.3 1 1
github.com/k0sproject/rig/v2/client.go:374.116,375.63 1 1
github.com/k0sproject/rig/v2/client.go:375.63,376.79 1 1
github.com/k0sproject/rig/v2/client.go:376.79,378.4 1 1
github.com/k0sproject/rig/v2/client.go:379.3,379.13 1 1
github.com/k0sproject/rig/v2/client.go:381.2,381.35 1 1
github.com/k0sproject/rig/v2/client.go:391.35,393.16 2 1
github.com/k0sproject/rig/v2/client.go:393.16,396.3 2 1
github.com/k0sproject/rig/v2/client.go:397.2,397.11 1 1
github.com/k0sproject/rig/v2/client.go:404.65,406.16 2 1
github.com/k0sproject/rig/v2/client.go:406.16,408.3 1 1
github.com/k0sproject/rig/v2/client.go:409.2,409.11 1 1
github.com/k0sproject/rig/v2/client.go:413.44,415.16 2 1
github.com/k0sproject/rig/v2/client.go:415.16,417.3 1 1
github.com/k0sproject/rig/v2/client.go:418.2,418.16 1 1
github.com/k0sproject/rig/v2/client.go:425.37,426.25 1 1
github.com/k0sproject/rig/v2/client.go:426.25,428.3 1 0
github.com/k0sproject/rig/v2/client.go:429.2,429.35 1 1
github.com/k0sproject/rig/v2/client.go:436.36,437.25 1 1
github.com/k0sproject/rig/v2/client.go:437.25,439.3 1 0
github.com/k0sproject/rig/v2/client.go:440.2,440.32 1 1
github.com/k0sproject/rig/v2/client.go:447.40,448.25 1 1
github.com/k0sproject/rig/v2/client.go:448.25,450.3 1 0
github.com/k0sproject/rig/v2/client.go:451.2,451.36 1 1
github.com/k0sproject/rig/v2/client.go:455.35,456.25 1 0
github.com/k0sproject/rig/v2/client.go:456.25,458.3 1 0
github.com/k0sproject/rig/v2/client.go:459.2,459.11 1 0
github.com/k0sproject/rig/v2/clientoptions.go:26.51,28.2 1 1
github.com/k0sproject/rig/v2/clientoptions.go:52.110,54.2 1 1
github.com/k0sproject/rig/v2/clientoptions.go:60.98,62.2 1 1
github.com/k0sproject/rig/v2/clientoptions.go:68.92,70.2 1 1
github.com/k0sproject/rig/v2/clientoptions.go:77.88,79.24 2 1
github.com/k0sproject/rig/v2/clientoptions.go:79.24,82.60 3 1
github.com/k0sproject/rig/v2/clientoptions.go:82.60,84.18 2 1
github.com/k0sproject/rig/v2/clientoptions.go:84.18,86.5 1 0
github.com/k0sproject/rig/v2/clientoptions.go:87.4,87.22 1 1
github.com/k0sproject/rig/v2/clientoptions.go:87.22,89.5 1 1
github.com/k0sproject/rig/v2/clientoptions.go:90.4,92.23 3 1
github.com/k0sproject/rig/v2/clientoptions.go:95.2,95.50 1 1
github.com/k0sproject/rig/v2/clientoptions.go:102.80,104.2 1 1
github.com/k0sproject/rig/v2/clientoptions.go:106.44,114.2 1 1
github.com/k0sproject/rig/v2/clientoptions.go:117.53,118.27 1 1
github.com/k0sproject/rig/v2/clientoptions.go:118.27,120.3 1 1
github.com/k0sproject/rig/v2/clientoptions.go:124.42,125.55 1 1
github.com/k0sproject/rig/v2/clientoptions.go:125.55,127.3 1 0
github.com/k0sproject/rig/v2/clientoptions.go:128.2,128.12 1 1
github.com/k0sproject/rig/v2/clientoptions.go:132.48,141.2 1 1
github.com/k0sproject/rig/v2/clientoptions.go:144.44,146.2 1 1
github.com/k0sproject/rig/v2/clientoptions.go:149.70,151.25 2 1
github.com/k0sproject/rig/v2/clientoptions.go:151.25,154.3 2 1
github.com/k0sproject/rig/v2/clientoptions.go:154.8,155.33 1 1
github.com/k0sproject/rig/v2/clientoptions.go:155.33,157.4 1 0
github.com/k0sproject/rig/v2/clientoptions.go:158.3,160.17 3 1
github.com/k0sproject/rig/v2/clientoptions.go:160.17,162.4 1 1
github.com/k0sproject/rig/v2/clientoptions.go:163.3,164.11 2 1
github.com/k0sproject/rig/v2/clientoptions.go:167.2,168.18 2 1
github.com/k0sproject/rig/v2/clientoptions.go:172.72,173.21 1 1
github.com/k0sproject/rig/v2/clientoptions.go:173.21,175.3 1 1
github.com/k0sproject/rig/v2/clientoptions.go:176.2,177.15 2 1
github.com/k0sproject/rig/v2/clientoptions.go:184.49,185.32 1 1
github.com/k0sproject/rig/v2/clientoptions.go:185.32,187.3 1 1
github.com/k0sproject/rig/v2/clientoptions.go:191.60,192.32 1 1
github.com/k0sproject/rig/v2/clientoptions.go:192.32,194.3 1 1
github.com/k0sproject/rig/v2/clientoptions.go:198.49,199.32 1 1
github.com/k0sproject/rig/v2/clientoptions.go:199.32,201.3 1 1
github.com/k0sproject/rig/v2/clientoptions.go:205.68,206.32 1 1
github.com/k0sproject/rig/v2/clientoptions.go:206.32,208.3 1 1
github.com/k0sproject/rig/v2/clientoptions.go:212.70,213.32 1 1
github.com/k0sproject/rig/v2/clientoptions.go:213.32,215.3 1 1
github.com/k0sproject/rig/v2/clientoptions.go:219.86,220.32 1 1
github.com/k0sproject/rig/v2/clientoptions.go:220.32,222.3 1 1
github.com/k0sproject/rig/v2/clientoptions.go:226.70,227.32 1 1
github.com/k0sproject/rig/v2/clientoptions.go:227.32,229.3 1 1
github.com/k0sproject/rig/v2/clientoptions.go:238.47,239.32 1 1
github.com/k0sproject/rig/v2/clientoptions.go:239.32,241.3 1 1
github.com/k0sproject/rig/v2/clientoptions.go:245.87,246.32 1 1
github.com/k0sproject/rig/v2/clientoptions.go:246.32,248.3 1 1
github.com/k0sproject/rig/v2/clientoptions.go:252.66,253.32 1 1
github.com/k0sproject/rig/v2/clientoptions.go:253.32,255.3 1 1
github.com/k0sproject/rig/v2/clientoptions.go:259.41,260.32 1 0
github.com/k0sproject/rig/v2/clientoptions.go:260.32,262.3 1 0
github.com/k0sproject/rig/v2/clientoptions.go:266.44,272.2 1 1
github.com/k0sproject/rig/v2/clientoptions.go:275.60,279.2 3 1
github.com/k0sproject/rig/v2/compositeconfig.go:26.74,29.38 3 1
github.com/k0sproject/rig/v2/compositeconfig.go:29.38,32.3 2 1
github.com/k0sproject/rig/v2/compositeconfig.go:33.2,34.38 2 1
github.com/k0sproject/rig/v2/compositeconfig.go:34.38,36.3 1 0
github.com/k0sproject/rig/v2/compositeconfig.go:37.2,37.19 1 1
github.com/k0sproject/rig/v2/compositeconfig.go:37.19,38.21 1 1
github.com/k0sproject/rig/v2/compositeconfig.go:38.21,40.4 1 1
github.com/k0sproject/rig/v2/compositeconfig.go:42.2,42.31 1 1
github.com/k0sproject/rig/v2/compositeconfig.go:42.31,44.10 2 1
github.com/k0sproject/rig/v2/compositeconfig.go:44.10,46.4 1 1
github.com/k0sproject/rig/v2/compositeconfig.go:47.3,47.26 1 1
github.com/k0sproject/rig/v2/compositeconfig.go:49.2,49.12 1 1
github.com/k0sproject/rig/v2/compositeconfig.go:61.73,65.20 3 1
github.com/k0sproject/rig/v2/compositeconfig.go:65.20,68.3 2 0
github.com/k0sproject/rig/v2/compositeconfig.go:70.2,70.18 1 1
github.com/k0sproject/rig/v2/compositeconfig.go:70.18,73.3 2 1
github.com/k0sproject/rig/v2/compositeconfig.go:75.2,75.22 1 1
github.com/k0sproject/rig/v2/compositeconfig.go:75.22,78.3 2 1
github.com/k0sproject/rig/v2/compositeconfig.go:80.2,80.17 1 1
github.com/k0sproject/rig/v2/compositeconfig.go:80.17,83.17 3 1
github.com/k0sproject/rig/v2/compositeconfig.go:83.17,85.4 1 0
github.com/k0sproject/rig/v2/compositeconfig.go:86.3,86.17 1 1
github.com/k0sproject/rig/v2/compositeconfig.go:89.2,89.15 1 1
github.com/k0sproject/rig/v2/compositeconfig.go:90.9,91.88 1 1
github.com/k0sproject/rig/v2/compositeconfig.go:92.9,93.22 1 1
github.com/k0sproject/rig/v2/compositeconfig.go:94.10,95.112 1 1
github.com/k0sproject/rig/v2/compositeconfig.go:104.44,106.16 2 1
github.com/k0sproject/rig/v2/compositeconfig.go:106.16,108.3 1 1
github.com/k0sproject/rig/v2/compositeconfig.go:109.2,109.40 1 1
github.com/k0sproject/rig/v2/compositeconfig.go:109.40,110.38 1 1
github.com/k0sproject/rig/v2/compositeconfig.go:110.38,112.4 1 1
github.com/k0sproject/rig/v2/compositeconfig.go:114.2,114.12 1 0
github.com/k0sproject/rig/v2/compositeconfig.go:118.69,120.16 2 1
github.com/k0sproject/rig/v2/compositeconfig.go:120.16,122.3 1 1
github.com/k0sproject/rig/v2/compositeconfig.go:123.2,124.16 2 1
github.com/k0sproject/rig/v2/compositeconfig.go:124.16,126.3 1 0
github.com/k0sproject/rig/v2/compositeconfig.go:127.2,127.18 1 1
github.com/k0sproject/rig/v2/compositeconfig.go:131.43,133.16 2 1
github.com/k0sproject/rig/v2/compositeconfig.go:133.16,135.3 1 1
github.com/k0sproject/rig/v2/compositeconfig.go:136.2,136.21 1 1
github.com/k0sproject/rig/v2/passphrase.go:11.48,15.16 4 0
github.com/k0sproject/rig/v2/passphrase.go:15.16,17.3 1 0
github.com/k0sproject/rig/v2/passphrase.go:18.2,18.26 1 0
github.com/k0sproject/rig/v2/service.go:40.33,42.2 1 0
github.com/k0sproject/rig/v2/service.go:45.35,47.2 1 0
github.com/k0sproject/rig/v2/service.go:50.52,53.70 3 1
github.com/k0sproject/rig/v2/service.go:53.70,55.3 1 0
github.com/k0sproject/rig/v2/service.go:56.2,56.46 1 1
github.com/k0sproject/rig/v2/service.go:60.51,63.69 3 1
github.com/k0sproject/rig/v2/service.go:63.69,65.3 1 0
github.com/k0sproject/rig/v2/service.go:66.2,66.46 1 1
github.com/k0sproject/rig/v2/service.go:73.54,74.73 1 1
github.com/k0sproject/rig/v2/service.go:74.73,77.74 3 1
github.com/k0sproject/rig/v2/service.go:77.74,79.4 1 1
github.com/k0sproject/rig/v2/service.go:80.3,80.48 1 1
github.com/k0sproject/rig/v2/service.go:83.2,83.36 1 1
github.com/k0sproject/rig/v2/service.go:83.36,85.3 1 0
github.com/k0sproject/rig/v2/service.go:86.2,86.37 1 1
github.com/k0sproject/rig/v2/service.go:86.37,88.3 1 0
github.com/k0sproject/rig/v2/service.go:89.2,89.12 1 1
github.com/k0sproject/rig/v2/service.go:102.84,103.33 1 1
github.com/k0sproject/rig/v2/service.go:103.33,104.22 1 1
github.com/k0sproject/rig/v2/service.go:104.23,104.24 0 1
github.com/k0sproject/rig/v2/service.go:106.2,106.56 1 1
github.com/k0sproject/rig/v2/service.go:109.76,113.6 4 1
github.com/k0sproject/rig/v2/service.go:113.6,116.29 3 1
github.com/k0sproject/rig/v2/service.go:116.29,118.4 1 1
github.com/k0sproject/rig/v2/service.go:119.3,119.10 1 1
github.com/k0sproject/rig/v2/service.go:120.21,121.92 1 1
github.com/k0sproject/rig/v2/service.go:122.18,124.43 2 0
github.com/k0sproject/rig/v2/service.go:124.43,126.5 1 0
github.com/k0sproject/rig/v2/service.go:127.4,127.22 1 0
github.com/k0sproject/rig/v2/service.go:133.53,136.71 3 0
github.com/k0sproject/rig/v2/service.go:136.71,138.3 1 0
github.com/k0sproject/rig/v2/service.go:139.2,139.71 1 0
github.com/k0sproject/rig/v2/service.go:139.71,140.62 1 0
github.com/k0sproject/rig/v2/service.go:140.62,142.4 1 0
github.com/k0sproject/rig/v2/service.go:144.2,144.12 1 0
github.com/k0sproject/rig/v2/service.go:148.54,151.72 3 0
github.com/k0sproject/rig/v2/service.go:151.72,153.3 1 0
github.com/k0sproject/rig/v2/service.go:154.2,154.71 1 0
github.com/k0sproject/rig/v2/service.go:154.71,155.62 1 0
github.com/k0sproject/rig/v2/service.go:155.62,157.4 1 0
github.com/k0sproject/rig/v2/service.go:159.2,159.12 1 0
github.com/k0sproject/rig/v2/service.go:164.67,168.16 4 0
github.com/k0sproject/rig/v2/service.go:168.16,170.3 1 0
github.com/k0sproject/rig/v2/service.go:171.2,171.24 1 0
github.com/k0sproject/rig/v2/service.go:176.55,180.2 3 0
github.com/k0sproject/rig/v2/service.go:192.74,196.9 4 0
github.com/k0sproject/rig/v2/service.go:196.9,198.3 1 0
github.com/k0sproject/rig/v2/service.go:200.2,201.16 2 0
github.com/k0sproject/rig/v2/service.go:201.16,203.3 1 0
github.com/k0sproject/rig/v2/service.go:204.2,204.18 1 0
github.com/k0sproject/rig/v2/service.go:210.70,212.9 2 1
github.com/k0sproject/rig/v2/service.go:212.9,214.3 1 1
github.com/k0sproject/rig/v2/service.go:215.2,215.77 1 1
github.com/k0sproject/rig/v2/service.go:215.77,216.23 1 1
github.com/k0sproject/rig/v2/service.go:216.23,218.4 1 1
github.com/k0sproject/rig/v2/service.go:219.3,219.69 1 1
github.com/k0sproject/rig/v2/service.go:221.2,221.12 1 1
github.com/k0sproject/rig/v2/service.go:227.84,231.9 4 1
github.com/k0sproject/rig/v2/service.go:231.9,233.3 1 1
github.com/k0sproject/rig/v2/service.go:234.2,234.17 1 1
github.com/k0sproject/rig/v2/service.go:234.17,236.3 1 1
github.com/k0sproject/rig/v2/service.go:237.2,238.16 2 1
github.com/k0sproject/rig/v2/service.go:238.16,240.3 1 0
github.com/k0sproject/rig/v2/service.go:241.2,241.64 1 1
github.com/k0sproject/rig/v2/service.go:241.64,243.3 1 0
github.com/k0sproject/rig/v2/service.go:244.2,245.72 2 1
github.com/k0sproject/rig/v2/service.go:245.72,247.3 1 0
github.com/k0sproject/rig/v2/service.go:248.2,248.71 1 1
github.com/k0sproject/rig/v2/service.go:248.71,249.62 1 1
github.com/k0sproject/rig/v2/service.go:249.62,251.4 1 0
github.com/k0sproject/rig/v2/service.go:253.2,253.12 1 1
github.com/k0sproject/rig/v2/service.go:259.59,263.9 4 1
github.com/k0sproject/rig/v2/service.go:263.9,265.3 1 1
github.com/k0sproject/rig/v2/service.go:266.2,266.61 1 1
github.com/k0sproject/rig/v2/service.go:266.61,268.3 1 0
github.com/k0sproject/rig/v2/service.go:269.2,269.12 1 1
github.com/k0sproject/rig/v2/service.go:273.74,275.16 2 0
github.com/k0sproject/rig/v2/service.go:275.16,277.3 1 0
github.com/k0sproject/rig/v2/service.go:278.2,282.8 1 0
github.com/k0sproject/rig/v2/packagemanager/apk.go:10.49,12.2 1 0
github.com/k0sproject/rig/v2/packagemanager/apk.go:15.40,16.71 1 1
github.com/k0sproject/rig/v2/packagemanager/apk.go:16.71,17.20 1 1
github.com/k0sproject/rig/v2/packagemanager/apk.go:17.20,19.4 1 0
github.com/k0sproject/rig/v2/packagemanager/apk.go:20.3,20.67 1 1
github.com/k0sproject/rig/v2/packagemanager/apk.go:20.67,22.4 1 1
github.com/k0sproject/rig/v2/packagemanager/apk.go:23.3,23.25 1 0
github.com/k0sproject/rig/v2/packagemanager/apt.go:10.49,19.2 1 0
github.com/k0sproject/rig/v2/packagemanager/apt.go:22.40,23.71 1 1
github.com/k0sproject/rig/v2/packagemanager/apt.go:23.71,24.20 1 1
github.com/k0sproject/rig/v2/packagemanager/apt.go:24.20,26.4 1 0
github.com/k0sproject/rig/v2/packagemanager/apt.go:27.3,27.71 1 1
github.com/k0sproject/rig/v2/packagemanager/apt.go:27.71,29.4 1 1
github.com/k0sproject/rig/v2/packagemanager/apt.go:30.3,30.25 1 0
github.com/k0sproject/rig/v2/packagemanager/chocolatey.go:10.56,12.2 1 0
github.com/k0sproject/rig/v2/packagemanager/chocolatey.go:15.47,16.71 1 0
github.com/k0sproject/rig/v2/packagemanager/chocolatey.go:16.71,17.21 1 0
github.com/k0sproject/rig/v2/packagemanager/chocolatey.go:17.21,19.4 1 0
github.com/k0sproject/rig/v2/packagemanager/chocolatey.go:20.3,20.72 1 0
github.com/k0sproject/rig/v2/packagemanager/chocolatey.go:20.72,22.4 1 0
github.com/k0sproject/rig/v2/packagemanager/chocolatey.go:23.3,23.32 1 0
github.com/k0sproject/rig/v2/packagemanager/defaultprovider.go:25.52,37.3 11 1
github.com/k0sproject/rig/v2/packagemanager/defaultprovider.go:49.30,51.2 1 1
github.com/k0sproject/rig/v2/packagemanager/dnf.go:10.49,12.2 1 0
github.com/k0sproject/rig/v2/packagemanager/dnf.go:15.40,16.71 1 1
github.com/k0sproject/rig/v2/packagemanager/dnf.go:16.71,17.20 1 1
github.com/k0sproject/rig/v2/packagemanager/dnf.go:17.20,19.4 1 0
github.com/k0sproject/rig/v2/packagemanager/dnf.go:20.3,20.67 1 1
github.com/k0sproject/rig/v2/packagemanager/dnf.go:20.67,22.4 1 1
github.com/k0sproject/rig/v2/packagemanager/dnf.go:23.3,23.25 1 0
github.com/k0sproject/rig/v2/packagemanager/homebrew.go:10.54,12.2 1 0
github.com/k0sproject/rig/v2/packagemanager/homebrew.go:15.45,16.71 1 1
github.com/k0sproject/rig/v2/packagemanager/homebrew.go:16.71,17.20 1 1
github.com/k0sproject/rig/v2/packagemanager/homebrew.go:17.20,19.4 1 0
github.com/k0sproject/rig/v2/packagemanager/homebrew.go:20.3,20.68 1 1
github.com/k0sproject/rig/v2/packagemanager/homebrew.go:20.68,22.4 1 1
github.com/k0sproject/rig/v2/packagemanager/homebrew.go:23.3,23.30 1 0
github.com/k0sproject/rig/v2/packagemanager/macports.go:10.54,12.2 1 0
github.com/k0sproject/rig/v2/packagemanager/macports.go:15.45,16.71 1 1
github.com/k0sproject/rig/v2/packagemanager/macports.go:16.71,17.20 1 1
github.com/k0sproject/rig/v2/packagemanager/macports.go:17.20,19.4 1 0
github.com/k0sproject/rig/v2/packagemanager/macports.go:21.3,21.68 1 1
github.com/k0sproject/rig/v2/packagemanager/macports.go:21.68,23.4 1 1
github.com/k0sproject/rig/v2/packagemanager/macports.go:24.3,24.30 1 0
github.com/k0sproject/rig/v2/packagemanager/pacman.go:10.52,12.2 1 0
github.com/k0sproject/rig/v2/packagemanager/pacman.go:15.43,16.71 1 1
github.com/k0sproject/rig/v2/packagemanager/pacman.go:16.71,17.20 1 1
github.com/k0sproject/rig/v2/packagemanager/pacman.go:17.20,19.4 1 0
github.com/k0sproject/rig/v2/packagemanager/pacman.go:20.3,20.70 1 1
github.com/k0sproject/rig/v2/packagemanager/pacman.go:20.70,22.4 1 1
github.com/k0sproject/rig/v2/packagemanager/pacman.go:23.3,23.28 1 0
github.com/k0sproject/rig/v2/packagemanager/scoop.go:10.51,12.2 1 0
github.com/k0sproject/rig/v2/packagemanager/scoop.go:15.42,16.71 1 0
github.com/k0sproject/rig/v2/packagemanager/scoop.go:16.71,17.21 1 0
github.com/k0sproject/rig/v2/packagemanager/scoop.go:17.21,19.4 1 0
github.com/k0sproject/rig/v2/packagemanager/scoop.go:20.3,20.72 1 0
github.com/k0sproject/rig/v2/packagemanager/scoop.go:20.72,22.4 1 0
github.com/k0sproject/rig/v2/packagemanager/scoop.go:23.3,23.27 1 0
github.com/k0sproject/rig/v2/packagemanager/service.go:22.61,24.16 2 1
github.com/k0sproject/rig/v2/packagemanager/service.go:24.16,26.3 1 1
github.com/k0sproject/rig/v2/packagemanager/service.go:27.2,27.16 1 1
github.com/k0sproject/rig/v2/packagemanager/service.go:32.89,34.2 1 1
github.com/k0sproject/rig/v2/packagemanager/service.go:42.61,43.22 1 0
github.com/k0sproject/rig/v2/packagemanager/service.go:43.22,45.3 1 0
github.com/k0sproject/rig/v2/packagemanager/service.go:46.2,46.14 1 0
github.com/k0sproject/rig/v2/packagemanager/service.go:50.89,52.2 1 0
github.com/k0sproject/rig/v2/packagemanager/service.go:55.88,57.2 1 0
github.com/k0sproject/rig/v2/packagemanager/service.go:60.64,62.2 1 0
github.com/k0sproject/rig/v2/packagemanager/universal.go:26.50,26.67 1 0
github.com/k0sproject/rig/v2/packagemanager/universal.go:28.109,29.89 1 1
github.com/k0sproject/rig/v2/packagemanager/universal.go:29.89,31.3 1 1
github.com/k0sproject/rig/v2/packagemanager/universal.go:32.2,32.12 1 0
github.com/k0sproject/rig/v2/packagemanager/universal.go:36.93,38.2 1 1
github.com/k0sproject/rig/v2/packagemanager/universal.go:41.92,43.2 1 0
github.com/k0sproject/rig/v2/packagemanager/universal.go:46.68,48.2 1 0
github.com/k0sproject/rig/v2/packagemanager/universal.go:50.124,59.2 1 1
github.com/k0sproject/rig/v2/packagemanager/universal.go:61.71,67.31 6 1
github.com/k0sproject/rig/v2/packagemanager/universal.go:67.31,70.3 2 1
github.com/k0sproject/rig/v2/packagemanager/universal.go:71.2,71.21 1 1
github.com/k0sproject/rig/v2/packagemanager/windowsmulti.go:22.47,22.73 1 0
github.com/k0sproject/rig/v2/packagemanager/windowsmulti.go:25.90,26.26 1 0
github.com/k0sproject/rig/v2/packagemanager/windowsmulti.go:26.26,28.3 1 0
github.com/k0sproject/rig/v2/packagemanager/windowsmulti.go:30.2,31.35 2 0
github.com/k0sproject/rig/v2/packagemanager/windowsmulti.go:31.35,32.38 1 0
github.com/k0sproject/rig/v2/packagemanager/windowsmulti.go:32.38,34.18 2 0
github.com/k0sproject/rig/v2/packagemanager/windowsmulti.go:34.18,35.10 1 0
github.com/k0sproject/rig/v2/packagemanager/windowsmulti.go:37.4,37.17 1 0
github.com/k0sproject/rig/v2/packagemanager/windowsmulti.go:40.2,40.20 1 0
github.com/k0sproject/rig/v2/packagemanager/windowsmulti.go:40.20,42.3 1 0
github.com/k0sproject/rig/v2/packagemanager/windowsmulti.go:43.2,43.12 1 0
github.com/k0sproject/rig/v2/packagemanager/windowsmulti.go:47.89,48.26 1 0
github.com/k0sproject/rig/v2/packagemanager/windowsmulti.go:48.26,50.3 1 0
github.com/k0sproject/rig/v2/packagemanager/windowsmulti.go:52.2,53.35 2 0
github.com/k0sproject/rig/v2/packagemanager/windowsmulti.go:53.35,54.38 1 0
github.com/k0sproject/rig/v2/packagemanager/windowsmulti.go:54.38,56.18 2 0
github.com/k0sproject/rig/v2/packagemanager/windowsmulti.go:56.18,57.10 1 0
github.com/k0sproject/rig/v2/packagemanager/windowsmulti.go:59.4,59.17 1 0
github.com/k0sproject/rig/v2/packagemanager/windowsmulti.go:62.2,62.20 1 0
github.com/k0sproject/rig/v2/packagemanager/windowsmulti.go:62.20,64.3 1 0
github.com/k0sproject/rig/v2/packagemanager/windowsmulti.go:65.2,65.12 1 0
github.com/k0sproject/rig/v2/packagemanager/windowsmulti.go:69.65,70.26 1 0
github.com/k0sproject/rig/v2/packagemanager/windowsmulti.go:70.26,72.3 1 0
github.com/k0sproject/rig/v2/packagemanager/windowsmulti.go:74.2,75.37 2 0
github.com/k0sproject/rig/v2/packagemanager/windowsmulti.go:75.37,77.17 2 0
github.com/k0sproject/rig/v2/packagemanager/windowsmulti.go:77.17,79.4 1 0
github.com/k0sproject/rig/v2/packagemanager/windowsmulti.go:81.2,81.20 1 0
github.com/k0sproject/rig/v2/packagemanager/windowsmulti.go:81.20,83.3 1 0
github.com/k0sproject/rig/v2/packagemanager/windowsmulti.go:84.2,84.12 1 0
github.com/k0sproject/rig/v2/packagemanager/windowsmulti.go:88.65,95.2 6 0
github.com/k0sproject/rig/v2/packagemanager/windowsmulti.go:98.56,99.71 1 1
github.com/k0sproject/rig/v2/packagemanager/windowsmulti.go:99.71,100.21 1 1
github.com/k0sproject/rig/v2/packagemanager/windowsmulti.go:100.21,102.4 1 1
github.com/k0sproject/rig/v2/packagemanager/windowsmulti.go:103.3,103.41 1 0
github.com/k0sproject/rig/v2/packagemanager/winget.go:10.52,12.2 1 0
github.com/k0sproject/rig/v2/packagemanager/winget.go:15.43,16.71 1 0
github.com/k0sproject/rig/v2/packagemanager/winget.go:16.71,17.21 1 0
github.com/k0sproject/rig/v2/packagemanager/winget.go:17.21,19.4 1 0
github.com/k0sproject/rig/v2/packagemanager/winget.go:20.3,20.73 1 0
github.com/k0sproject/rig/v2/packagemanager/winget.go:20.73,22.4 1 0
github.com/k0sproject/rig/v2/packagemanager/winget.go:23.3,23.28 1 0
github.com/k0sproject/rig/v2/packagemanager/yum.go:10.49,12.2 1 0
github.com/k0sproject/rig/v2/packagemanager/yum.go:15.40,16.76 1 1
github.com/k0sproject/rig/v2/packagemanager/yum.go:16.76,17.25 1 1
github.com/k0sproject/rig/v2/packagemanager/yum.go:17.25,19.4 1 0
github.com/k0sproject/rig/v2/packagemanager/yum.go:20.3,20.72 1 1
github.com/k0sproject/rig/v2/packagemanager/yum.go:20.72,22.4 1 1
github.com/k0sproject/rig/v2/packagemanager/yum.go:23.3,23.72 1 0
github.com/k0sproject/rig/v2/packagemanager/yum.go:23.72,26.4 1 0
github.com/k0sproject/rig/v2/packagemanager/yum.go:27.3,27.30 1 0
github.com/k0sproject/rig/v2/packagemanager/zypper.go:10.52,12.2 1 1
github.com/k0sproject/rig/v2/packagemanager/zypper.go:15.43,16.71 1 1
github.com/k0sproject/rig/v2/packagemanager/zypper.go:16.71,17.20 1 1
github.com/k0sproject/rig/v2/packagemanager/zypper.go:17.20,19.4 1 0
github.com/k0sproject/rig/v2/packagemanager/zypper.go:20.3,20.70 1 1
github.com/k0sproject/rig/v2/packagemanager/zypper.go:20.70,22.4 1 1
github.com/k0sproject/rig/v2/packagemanager/zypper.go:23.3,23.28 1 1
github.com/k0sproject/rig/v2/homedir/expand.go:17.41,18.34 1 1
github.com/k0sproject/rig/v2/homedir/expand.go:18.34,20.3 1 1
github.com/k0sproject/rig/v2/homedir/expand.go:22.2,23.21 2 1
github.com/k0sproject/rig/v2/homedir/expand.go:23.21,25.3 1 0
github.com/k0sproject/rig/v2/homedir/expand.go:27.2,28.16 2 1
github.com/k0sproject/rig/v2/homedir/expand.go:28.16,30.3 1 0
github.com/k0sproject/rig/v2/homedir/expand.go:31.2,35.33 3 1
github.com/k0sproject/rig/v2/homedir/homedir.go:13.51,14.20 1 0
github.com/k0sproject/rig/v2/homedir/homedir.go:14.20,16.3 1 0
github.com/k0sproject/rig/v2/homedir/homedir.go:17.2,18.16 2 0
github.com/k0sproject/rig/v2/homedir/homedir.go:18.16,20.3 1 0
github.com/k0sproject/rig/v2/homedir/homedir.go:21.2,22.16 2 0
github.com/k0sproject/rig/v2/homedir/homedir.go:22.16,24.3 1 0
github.com/k0sproject/rig/v2/homedir/homedir.go:25.2,25.18 1 0
github.com/k0sproject/rig/v2/homedir/homedir.go:29.46,31.16 2 0
github.com/k0sproject/rig/v2/homedir/homedir.go:31.16,33.3 1 0
github.com/k0sproject/rig/v2/homedir/homedir.go:35.2,35.18 1 0
github.com/k0sproject/rig/v2/homedir/homedir.go:35.18,37.3 1 0
github.com/k0sproject/rig/v2/homedir/homedir.go:39.2,39.18 1 0
github.com/k0sproject/rig/v2/homedir/homedir.go:43.45,45.16 2 0
github.com/k0sproject/rig/v2/homedir/homedir.go:45.16,47.3 1 0
github.com/k0sproject/rig/v2/homedir/homedir.go:49.2,49.19 1 0
github.com/k0sproject/rig/v2/homedir/homedir.go:49.19,51.3 1 0
github.com/k0sproject/rig/v2/homedir/homedir.go:53.2,53.18 1 0
github.com/k0sproject/rig/v2/plumbing/lazyservice.go:26.88,31.2 1 1
github.com/k0sproject/rig/v2/plumbing/lazyservice.go:34.46,35.19 1 1
github.com/k0sproject/rig/v2/plumbing/lazyservice.go:35.19,37.3 1 1
github.com/k0sproject/rig/v2/plumbing/lazyservice.go:38.2,38.23 1 1
github.com/k0sproject/rig/v2/plumbing/provider.go:16.52,20.2 3 1
github.com/k0sproject/rig/v2/plumbing/provider.go:26.46,29.32 3 1
github.com/k0sproject/rig/v2/plumbing/provider.go:29.32,31.9 2 1
github.com/k0sproject/rig/v2/plumbing/provider.go:31.9,32.14 1 1
github.com/k0sproject/rig/v2/plumbing/provider.go:32.14,37.5 1 0
github.com/k0sproject/rig/v2/plumbing/provider.go:38.4,38.17 1 1
github.com/k0sproject/rig/v2/plumbing/provider.go:41.2,41.23 1 1
github.com/k0sproject/rig/v2/plumbing/provider.go:46.51,50.32 4 1
github.com/k0sproject/rig/v2/plumbing/provider.go:50.32,52.9 2 1
github.com/k0sproject/rig/v2/plumbing/provider.go:52.9,54.4 1 1
github.com/k0sproject/rig/v2/plumbing/provider.go:56.2,56.18 1 1
github.com/k0sproject/rig/v2/plumbing/provider.go:56.18,58.3 1 1
github.com/k0sproject/rig/v2/plumbing/provider.go:59.2,59.16 1 1
github.com/k0sproject/rig/v2/plumbing/provider.go:64.59,66.2 1 1
github.com/k0sproject/rig/v2/kv/decoder.go:34.56,37.2 2 1
github.com/k0sproject/rig/v2/kv/decoder.go:53.83,63.21 4 1
github.com/k0sproject/rig/v2/kv/decoder.go:63.21,65.3 1 0
github.com/k0sproject/rig/v2/kv/decoder.go:66.2,66.18 1 1
github.com/k0sproject/rig/v2/kv/decoder.go:67.11,68.21 1 0
github.com/k0sproject/rig/v2/kv/decoder.go:69.11,70.23 1 1
github.com/k0sproject/rig/v2/kv/decoder.go:71.10,72.22 1 1
github.com/k0sproject/rig/v2/kv/decoder.go:75.2,75.20 1 1
github.com/k0sproject/rig/v2/kv/decoder.go:75.20,76.34 1 1
github.com/k0sproject/rig/v2/kv/decoder.go:76.34,77.11 1 1
github.com/k0sproject/rig/v2/kv/decoder.go:78.29,79.26 1 0
github.com/k0sproject/rig/v2/kv/decoder.go:80.30,81.27 1 0
github.com/k0sproject/rig/v2/kv/decoder.go:82.78,83.22 1 1
github.com/k0sproject/rig/v2/kv/decoder.go:83.22,85.29 2 1
github.com/k0sproject/rig/v2/kv/decoder.go:85.29,87.7 1 1
github.com/k0sproject/rig/v2/kv/decoder.go:92.2,92.42 1 1
github.com/k0sproject/rig/v2/kv/decoder.go:92.42,94.3 1 1
github.com/k0sproject/rig/v2/kv/decoder.go:95.2,95.13 1 1
github.com/k0sproject/rig/v2/kv/decoder.go:105.44,106.21 1 1
github.com/k0sproject/rig/v2/kv/decoder.go:106.21,108.3 1 0
github.com/k0sproject/rig/v2/kv/decoder.go:110.2,110.56 1 1
github.com/k0sproject/rig/v2/kv/decoder.go:110.56,112.3 1 1
github.com/k0sproject/rig/v2/kv/decoder.go:114.2,114.76 1 1
github.com/k0sproject/rig/v2/kv/decoder.go:117.41,127.2 1 1
github.com/k0sproject/rig/v2/kv/decoder.go:129.42,131.50 2 1
github.com/k0sproject/rig/v2/kv/decoder.go:131.50,133.3 1 0
github.com/k0sproject/rig/v2/kv/decoder.go:135.2,136.35 2 1
github.com/k0sproject/rig/v2/kv/decoder.go:136.35,138.3 1 0
github.com/k0sproject/rig/v2/kv/decoder.go:140.2,141.33 2 1
github.com/k0sproject/rig/v2/kv/decoder.go:141.33,145.3 3 1
github.com/k0sproject/rig/v2/kv/decoder.go:147.2,147.33 1 1
github.com/k0sproject/rig/v2/kv/decoder.go:147.33,148.10 1 1
github.com/k0sproject/rig/v2/kv/decoder.go:149.22,150.26 1 1
github.com/k0sproject/rig/v2/kv/decoder.go:150.26,152.5 1 0
github.com/k0sproject/rig/v2/kv/decoder.go:153.4,153.55 1 1
github.com/k0sproject/rig/v2/kv/decoder.go:153.55,155.5 1 0
github.com/k0sproject/rig/v2/kv/decoder.go:156.23,157.49 1 1
github.com/k0sproject/rig/v2/kv/decoder.go:157.49,159.5 1 0
github.com/k0sproject/rig/v2/kv/decoder.go:163.2,163.12 1 1
github.com/k0sproject/rig/v2/kv/decoder.go:166.69,167.33 1 1
github.com/k0sproject/rig/v2/kv/decoder.go:167.33,169.3 1 0
github.com/k0sproject/rig/v2/kv/decoder.go:170.2,170.19 1 1
github.com/k0sproject/rig/v2/kv/decoder.go:170.19,172.3 1 1
github.com/k0sproject/rig/v2/kv/decoder.go:173.2,174.9 2 1
github.com/k0sproject/rig/v2/kv/decoder.go:174.9,176.3 1 0
github.com/k0sproject/rig/v2/kv/decoder.go:177.2,178.12 2 1
github.com/k0sproject/rig/v2/kv/decoder.go:182.33,183.13 1 1
github.com/k0sproject/rig/v2/kv/decoder.go:184.84,185.14 1 1
github.com/k0sproject/rig/v2/kv/decoder.go:186.10,187.15 1 1
github.com/k0sproject/rig/v2/kv/decoder.go:191.74,193.19 2 1
github.com/k0sproject/rig/v2/kv/decoder.go:193.19,196.3 2 1
github.com/k0sproject/rig/v2/kv/decoder.go:199.2,202.52 3 1
github.com/k0sproject/rig/v2/kv/decoder.go:202.52,204.3 1 0
github.com/k0sproject/rig/v2/kv/decoder.go:206.2,206.12 1 1
github.com/k0sproject/rig/v2/kv/decoder.go:209.76,211.21 2 1
github.com/k0sproject/rig/v2/kv/decoder.go:211.21,213.3 1 1
github.com/k0sproject/rig/v2/kv/decoder.go:214.2,216.51 2 1
github.com/k0sproject/rig/v2/kv/decoder.go:216.51,224.75 5 1
github.com/k0sproject/rig/v2/kv/decoder.go:224.75,226.4 1 0
github.com/k0sproject/rig/v2/kv/decoder.go:229.3,229.44 1 1
github.com/k0sproject/rig/v2/kv/decoder.go:232.2,232.12 1 1
github.com/k0sproject/rig/v2/kv/decoder.go:235.76,236.17 1 1
github.com/k0sproject/rig/v2/kv/decoder.go:236.17,238.3 1 0
github.com/k0sproject/rig/v2/kv/decoder.go:239.2,239.21 1 1
github.com/k0sproject/rig/v2/kv/decoder.go:239.21,241.3 1 0
github.com/k0sproject/rig/v2/kv/decoder.go:243.2,245.26 2 1
github.com/k0sproject/rig/v2/kv/decoder.go:245.26,246.64 1 1
github.com/k0sproject/rig/v2/kv/decoder.go:246.64,247.57 1 0
github.com/k0sproject/rig/v2/kv/decoder.go:247.57,249.5 1 0
github.com/k0sproject/rig/v2/kv/decoder.go:250.4,250.14 1 0
github.com/k0sproject/rig/v2/kv/decoder.go:254.2,254.22 1 1
github.com/k0sproject/rig/v2/kv/decoder.go:255.22,256.25 1 1
github.com/k0sproject/rig/v2/kv/decoder.go:257.20,258.34 1 1
github.com/k0sproject/rig/v2/kv/decoder.go:259.78,261.17 2 1
github.com/k0sproject/rig/v2/kv/decoder.go:261.17,263.4 1 0
github.com/k0sproject/rig/v2/kv/decoder.go:264.3,264.25 1 1
github.com/k0sproject/rig/v2/kv/decoder.go:265.83,267.17 2 0
github.com/k0sproject/rig/v2/kv/decoder.go:267.17,269.4 1 0
github.com/k0sproject/rig/v2/kv/decoder.go:270.3,270.19 1 0
github.com/k0sproject/rig/v2/kv/decoder.go:271.40,273.17 2 1
github.com/k0sproject/rig/v2/kv/decoder.go:273.17,275.4 1 0
github.com/k0sproject/rig/v2/kv/decoder.go:276.3,276.20 1 1
github.com/k0sproject/rig/v2/kv/decoder.go:277.23,278.51 1 1
github.com/k0sproject/rig/v2/kv/decoder.go:278.51,280.4 1 0
github.com/k0sproject/rig/v2/kv/decoder.go:281.21,282.53 1 1
github.com/k0sproject/rig/v2/kv/decoder.go:282.53,284.4 1 0
github.com/k0sproject/rig/v2/kv/decoder.go:285.10,286.85 1 0
github.com/k0sproject/rig/v2/kv/decoder.go:289.2,289.12 1 1
github.com/k0sproject/rig/v2/kv/decoder.go:292.66,293.15 1 1
github.com/k0sproject/rig/v2/kv/decoder.go:293.15,295.3 1 0
github.com/k0sproject/rig/v2/kv/decoder.go:296.2,296.33 1 1
github.com/k0sproject/rig/v2/kv/decoder.go:296.33,297.22 1 1
github.com/k0sproject/rig/v2/kv/decoder.go:297.22,299.4 1 1
github.com/k0sproject/rig/v2/kv/decoder.go:300.3,300.58 1 1
github.com/k0sproject/rig/v2/kv/decoder.go:300.58,302.4 1 0
github.com/k0sproject/rig/v2/kv/decoder.go:303.3,303.23 1 1
github.com/k0sproject/rig/v2/kv/decoder.go:303.23,305.4 1 1
github.com/k0sproject/rig/v2/kv/decoder.go:306.3,306.59 1 1
github.com/k0sproject/rig/v2/kv/decoder.go:306.59,308.4 1 0
github.com/k0sproject/rig/v2/kv/decoder.go:310.2,310.27 1 1
github.com/k0sproject/rig/v2/kv/decoder.go:313.60,315.9 2 1
github.com/k0sproject/rig/v2/kv/decoder.go:315.9,316.25 1 1
github.com/k0sproject/rig/v2/kv/decoder.go:316.25,317.57 1 1
github.com/k0sproject/rig/v2/kv/decoder.go:317.57,319.5 1 0
github.com/k0sproject/rig/v2/kv/decoder.go:321.3,321.16 1 1
github.com/k0sproject/rig/v2/kv/decoder.go:321.16,323.4 1 0
github.com/k0sproject/rig/v2/kv/decoder.go:324.3,324.13 1 1
github.com/k0sproject/rig/v2/kv/decoder.go:326.2,326.52 1 1
github.com/k0sproject/rig/v2/kv/decoder.go:326.52,328.3 1 0
github.com/k0sproject/rig/v2/kv/decoder.go:329.2,329.12 1 1
github.com/k0sproject/rig/v2/kv/decoder.go:386.39,388.2 1 1
github.com/k0sproject/rig/v2/kv/decoder.go:391.46,393.2 1 1
github.com/k0sproject/rig/v2/kv/decoder.go:396.44,398.2 1 1
github.com/k0sproject/rig/v2/kv/decoder.go:401.48,403.2 1 0
github.com/k0sproject/rig/v2/kv/decoder.go:406.28,408.2 1 0
github.com/k0sproject/rig/v2/kv/decoder.go:410.46,411.25 1 1
github.com/k0sproject/rig/v2/kv/decoder.go:412.25,413.15 1 1
github.com/k0sproject/rig/v2/kv/decoder.go:413.15,415.4 1 0
github.com/k0sproject/rig/v2/kv/decoder.go:416.3,416.34 1 1
github.com/k0sproject/rig/v2/kv/decoder.go:417.10,419.36 2 1
github.com/k0sproject/rig/v2/kv/decoder.go:419.36,421.4 1 0
github.com/k0sproject/rig/v2/kv/decoder.go:422.3,422.18 1 1
github.com/k0sproject/rig/v2/kv/decoder.go:424.2,424.12 1 1
github.com/k0sproject/rig/v2/kv/decoder.go:428.47,429.15 1 1
github.com/k0sproject/rig/v2/kv/decoder.go:429.15,430.31 1 1
github.com/k0sproject/rig/v2/kv/decoder.go:430.31,433.4 1 0
github.com/k0sproject/rig/v2/kv/decoder.go:436.2,436.43 1 1
github.com/k0sproject/rig/v2/kv/decoder.go:436.43,438.3 1 0
github.com/k0sproject/rig/v2/kv/decoder.go:439.2,440.6 2 1
github.com/k0sproject/rig/v2/kv/decoder.go:440.6,442.35 2 1
github.com/k0sproject/rig/v2/kv/decoder.go:442.35,443.34 1 1
github.com/k0sproject/rig/v2/kv/decoder.go:443.34,445.5 1 1
github.com/k0sproject/rig/v2/kv/decoder.go:446.4,446.42 1 0
github.com/k0sproject/rig/v2/kv/decoder.go:449.3,449.53 1 1
github.com/k0sproject/rig/v2/kv/decoder.go:449.53,451.4 1 1
github.com/k0sproject/rig/v2/kv/decoder.go:452.3,454.21 2 1
github.com/k0sproject/rig/v2/kv/decoder.go:454.21,455.12 1 0
github.com/k0sproject/rig/v2/kv/decoder.go:458.3,458.70 1 1
github.com/k0sproject/rig/v2/kv/decoder.go:458.70,459.12 1 1
github.com/k0sproject/rig/v2/kv/decoder.go:462.3,463.17 2 1
github.com/k0sproject/rig/v2/kv/decoder.go:463.17,465.4 1 1
github.com/k0sproject/rig/v2/kv/decoder.go:466.3,466.49 1 1
github.com/k0sproject/rig/v2/kv/decoder.go:466.49,467.16 1 0
github.com/k0sproject/rig/v2/kv/decoder.go:467.16,469.5 1 0
github.com/k0sproject/rig/v2/kv/decoder.go:475.3,475.21 1 1
github.com/k0sproject/rig/v2/kv/decoder.go:475.21,476.34 1 1
github.com/k0sproject/rig/v2/kv/decoder.go:476.34,478.5 1 1
github.com/k0sproject/rig/v2/kv/decoder.go:479.4,479.42 1 0
github.com/k0sproject/rig/v2/kv/encoder.go:40.39,42.2 1 1
github.com/k0sproject/rig/v2/kv/encoder.go:47.42,47.64 1 0
github.com/k0sproject/rig/v2/kv/encoder.go:50.44,50.64 1 1
github.com/k0sproject/rig/v2/kv/encoder.go:53.46,53.66 1 1
github.com/k0sproject/rig/v2/kv/encoder.go:63.55,66.18 3 1
github.com/k0sproject/rig/v2/kv/encoder.go:67.11,69.14 2 1
github.com/k0sproject/rig/v2/kv/encoder.go:70.11,71.23 1 1
github.com/k0sproject/rig/v2/kv/encoder.go:72.10,73.22 1 1
github.com/k0sproject/rig/v2/kv/encoder.go:75.2,75.32 1 1
github.com/k0sproject/rig/v2/kv/encoder.go:75.32,76.10 1 1
github.com/k0sproject/rig/v2/kv/encoder.go:77.27,78.25 1 1
github.com/k0sproject/rig/v2/kv/encoder.go:79.75,80.42 1 1
github.com/k0sproject/rig/v2/kv/encoder.go:80.42,82.5 1 1
github.com/k0sproject/rig/v2/kv/encoder.go:85.2,85.13 1 1
github.com/k0sproject/rig/v2/kv/encoder.go:88.74,90.16 2 1
github.com/k0sproject/rig/v2/kv/encoder.go:90.16,92.3 1 1
github.com/k0sproject/rig/v2/kv/encoder.go:93.2,94.29 2 1
github.com/k0sproject/rig/v2/kv/encoder.go:94.29,96.17 2 1
github.com/k0sproject/rig/v2/kv/encoder.go:96.17,98.4 1 0
github.com/k0sproject/rig/v2/kv/encoder.go:99.3,99.15 1 1
github.com/k0sproject/rig/v2/kv/encoder.go:101.2,101.38 1 1
github.com/k0sproject/rig/v2/kv/encoder.go:104.64,105.22 1 1
github.com/k0sproject/rig/v2/kv/encoder.go:106.78,107.49 1 1
github.com/k0sproject/rig/v2/kv/encoder.go:108.83,109.51 1 0
github.com/k0sproject/rig/v2/kv/encoder.go:110.23,111.62 1 1
github.com/k0sproject/rig/v2/kv/encoder.go:112.23,113.62 1 1
github.com/k0sproject/rig/v2/kv/encoder.go:114.10,115.83 1 0
github.com/k0sproject/rig/v2/kv/encoder.go:119.61,120.54 1 1
github.com/k0sproject/rig/v2/kv/encoder.go:120.54,122.3 1 1
github.com/k0sproject/rig/v2/kv/encoder.go:124.2,124.58 1 1
github.com/k0sproject/rig/v2/kv/encoder.go:124.58,125.40 1 1
github.com/k0sproject/rig/v2/kv/encoder.go:125.40,126.12 1 0
github.com/k0sproject/rig/v2/kv/encoder.go:128.3,129.10 2 1
github.com/k0sproject/rig/v2/kv/encoder.go:129.10,130.12 1 1
github.com/k0sproject/rig/v2/kv/encoder.go:132.3,133.17 2 1
github.com/k0sproject/rig/v2/kv/encoder.go:133.17,135.4 1 0
github.com/k0sproject/rig/v2/kv/encoder.go:136.3,136.30 1 1
github.com/k0sproject/rig/v2/kv/encoder.go:138.2,138.23 1 1
github.com/k0sproject/rig/v2/kv/encoder.go:141.44,142.17 1 1
github.com/k0sproject/rig/v2/kv/encoder.go:142.17,144.3 1 1
github.com/k0sproject/rig/v2/kv/encoder.go:147.2,149.12 3 1
github.com/k0sproject/rig/v2/kv/encoder.go:152.69,153.56 1 1
github.com/k0sproject/rig/v2/kv/encoder.go:153.56,155.3 1 1
github.com/k0sproject/rig/v2/kv/encoder.go:156.2,156.22 1 1
github.com/k0sproject/rig/v2/kv/encoder.go:157.23,158.20 1 1
github.com/k0sproject/rig/v2/kv/encoder.go:158.20,160.4 1 1
github.com/k0sproject/rig/v2/kv/encoder.go:161.3,161.44 1 1
github.com/k0sproject/rig/v2/kv/encoder.go:162.21,163.42 1 1
github.com/k0sproject/rig/v2/kv/encoder.go:164.22,165.29 1 1
github.com/k0sproject/rig/v2/kv/encoder.go:166.20,167.19 1 1
github.com/k0sproject/rig/v2/kv/encoder.go:167.19,169.4 1 1
github.com/k0sproject/rig/v2/kv/encoder.go:170.3,170.22 1 0
github.com/k0sproject/rig/v2/kv/encoder.go:173.36,174.37 1 1
github.com/k0sproject/rig/v2/kv/encoder.go:175.10,176.83 1 0
github.com/k0sproject/rig/v2/kv/encoder.go:180.40,181.18 1 1
github.com/k0sproject/rig/v2/kv/encoder.go:182.51,183.19 1 1
github.com/k0sproject/rig/v2/kv/encoder.go:184.10,185.20 1 1
github.com/k0sproject/rig/v2/kv/encoder.go:189.47,190.31 1 1
github.com/k0sproject/rig/v2/kv/encoder.go:190.31,192.3 1 1
github.com/k0sproject/rig/v2/kv/encoder.go:193.2,193.66 1 1
github.com/k0sproject/rig/v2/kv/encoder.go:193.66,195.3 1 1
github.com/k0sproject/rig/v2/kv/encoder.go:196.2,196.22 1 1
github.com/k0sproject/rig/v2/kv/encoder.go:196.22,197.58 1 1
github.com/k0sproject/rig/v2/kv/encoder.go:197.58,199.4 1 1
github.com/k0sproject/rig/v2/kv/encoder.go:201.2,201.14 1 1
github.com/k0sproject/rig/v2/kv/encoder.go:206.50,207.24 1 1
github.com/k0sproject/rig/v2/kv/encoder.go:207.24,209.3 1 1
github.com/k0sproject/rig/v2/kv/encoder.go:210.2,213.22 4 1
github.com/k0sproject/rig/v2/kv/encoder.go:213.22,214.28 1 1
github.com/k0sproject/rig/v2/kv/encoder.go:214.28,216.4 1 1
github.com/k0sproject/rig/v2/kv/encoder.go:217.3,217.17 1 1
github.com/k0sproject/rig/v2/kv/encoder.go:219.2,220.19 2 1
github.com/k0sproject/rig/v2/kv/encoder.go:223.54,224.15 1 1
github.com/k0sproject/rig/v2/kv/encoder.go:224.15,226.3 1 1
github.com/k0sproject/rig/v2/kv/encoder.go:227.2,227.86 1 1
github.com/k0sproject/rig/v2/kv/encoder.go:227.86,229.3 1 1
github.com/k0sproject/rig/v2/kv/encoder.go:230.2,231.16 2 1
github.com/k0sproject/rig/v2/kv/encoder.go:231.16,233.3 1 0
github.com/k0sproject/rig/v2/kv/encoder.go:234.2,234.12 1 1
github.com/k0sproject/rig/v2/kv/encoder.go:239.52,241.32 2 1
github.com/k0sproject/rig/v2/kv/encoder.go:241.32,243.17 2 1
github.com/k0sproject/rig/v2/kv/encoder.go:243.17,245.4 1 0
github.com/k0sproject/rig/v2/kv/encoder.go:246.3,247.17 2 1
github.com/k0sproject/rig/v2/kv/encoder.go:247.17,249.4 1 0
github.com/k0sproject/rig/v2/kv/encoder.go:250.3,250.49 1 1
github.com/k0sproject/rig/v2/kv/encoder.go:252.2,252.40 1 1
github.com/k0sproject/rig/v2/kv/encoder.go:252.40,252.78 1 1
github.com/k0sproject/rig/v2/kv/encoder.go:253.2,253.26 1 1
github.com/k0sproject/rig/v2/kv/encoder.go:253.26,254.51 1 1
github.com/k0sproject/rig/v2/kv/encoder.go:254.51,256.4 1 1
github.com/k0sproject/rig/v2/kv/encoder.go:258.2,258.12 1 1
github.com/k0sproject/rig/v2/kv/encoder.go:261.115,262.19 1 1
github.com/k0sproject/rig/v2/kv/encoder.go:262.19,264.10 2 1
github.com/k0sproject/rig/v2/kv/encoder.go:264.10,266.4 1 1
github.com/k0sproject/rig/v2/kv/encoder.go:267.3,268.20 2 1
github.com/k0sproject/rig/v2/kv/encoder.go:268.20,270.4 1 1
github.com/k0sproject/rig/v2/kv/encoder.go:271.3,272.26 2 1
github.com/k0sproject/rig/v2/kv/encoder.go:272.26,273.47 1 1
github.com/k0sproject/rig/v2/kv/encoder.go:273.47,275.5 1 0
github.com/k0sproject/rig/v2/kv/encoder.go:277.3,277.13 1 1
github.com/k0sproject/rig/v2/kv/encoder.go:279.2,279.47 1 1
github.com/k0sproject/rig/v2/kv/encoder.go:279.47,281.3 1 1
github.com/k0sproject/rig/v2/kv/encoder.go:282.2,283.15 2 1
github.com/k0sproject/rig/v2/kv/encoder.go:283.15,285.3 1 1
github.com/k0sproject/rig/v2/kv/encoder.go:286.2,287.16 2 1
github.com/k0sproject/rig/v2/kv/encoder.go:287.16,289.3 1 0
github.com/k0sproject/rig/v2/kv/encoder.go:290.2,290.30 1 1
github.com/k0sproject/rig/v2/kv/encoder.go:293.63,296.30 3 1
github.com/k0sproject/rig/v2/kv/encoder.go:296.30,298.32 2 1
github.com/k0sproject/rig/v2/kv/encoder.go:298.32,299.65 1 1
github.com/k0sproject/rig/v2/kv/encoder.go:299.65,301.5 1 1
github.com/k0sproject/rig/v2/kv/encoder.go:302.4,302.12 1 0
github.com/k0sproject/rig/v2/kv/encoder.go:304.3,306.18 3 1
github.com/k0sproject/rig/v2/kv/encoder.go:306.18,307.12 1 1
github.com/k0sproject/rig/v2/kv/encoder.go:309.3,309.20 1 1
github.com/k0sproject/rig/v2/kv/encoder.go:309.20,310.20 1 1
github.com/k0sproject/rig/v2/kv/encoder.go:310.20,312.5 1 1
github.com/k0sproject/rig/v2/kv/encoder.go:313.4,313.23 1 1
github.com/k0sproject/rig/v2/kv/encoder.go:315.3,315.70 1 1
github.com/k0sproject/rig/v2/kv/encoder.go:315.70,317.4 1 1
github.com/k0sproject/rig/v2/kv/encoder.go:319.2,319.12 1 1
github.com/k0sproject/rig/v2/kv/encoder.go:324.41,326.38 2 1
github.com/k0sproject/rig/v2/kv/encoder.go:326.38,327.20 1 1
github.com/k0sproject/rig/v2/kv/encoder.go:327.20,329.4 1 1
github.com/k0sproject/rig/v2/kv/encoder.go:330.3,330.23 1 1
github.com/k0sproject/rig/v2/kv/encoder.go:332.2,332.22 1 1
github.com/k0sproject/rig/v2/kv/encoder.go:333.19,334.28 1 1
github.com/k0sproject/rig/v2/kv/encoder.go:335.22,336.23 1 1
github.com/k0sproject/rig/v2/kv/encoder.go:336.23,342.4 3 1
github.com/k0sproject/rig/v2/kv/encoder.go:343.3,343.31 1 1
github.com/k0sproject/rig/v2/kv/encoder.go:344.10,345.70 1 1
github.com/k0sproject/rig/v2/kv/split.go:14.19,16.4 1 1
github.com/k0sproject/rig/v2/kv/split.go:26.80,30.9 3 1
github.com/k0sproject/rig/v2/kv/split.go:30.9,32.3 1 0
github.com/k0sproject/rig/v2/kv/split.go:33.2,36.32 3 1
github.com/k0sproject/rig/v2/kv/split.go:36.32,37.22 1 1
github.com/k0sproject/rig/v2/kv/split.go:38.13,39.37 1 1
github.com/k0sproject/rig/v2/kv/split.go:39.37,41.5 1 1
github.com/k0sproject/rig/v2/kv/split.go:41.10,44.5 2 1
github.com/k0sproject/rig/v2/kv/split.go:45.12,46.23 1 1
github.com/k0sproject/rig/v2/kv/split.go:46.23,47.18 1 1
github.com/k0sproject/rig/v2/kv/split.go:47.18,50.6 2 1
github.com/k0sproject/rig/v2/kv/split.go:50.11,52.6 1 1
github.com/k0sproject/rig/v2/kv/split.go:53.10,55.5 1 1
github.com/k0sproject/rig/v2/kv/split.go:56.13,57.37 1 1
github.com/k0sproject/rig/v2/kv/split.go:57.37,59.5 1 1
github.com/k0sproject/rig/v2/kv/split.go:59.10,62.5 2 1
github.com/k0sproject/rig/v2/kv/split.go:63.18,64.74 1 1
github.com/k0sproject/rig/v2/kv/split.go:64.74,69.5 4 1
github.com/k0sproject/rig/v2/kv/split.go:69.10,71.5 1 1
github.com/k0sproject/rig/v2/kv/split.go:72.4,72.21 1 1
github.com/k0sproject/rig/v2/kv/split.go:73.11,75.29 2 1
github.com/k0sproject/rig/v2/kv/split.go:79.2,79.38 1 1
github.com/k0sproject/rig/v2/kv/split.go:79.38,81.3 1 1
github.com/k0sproject/rig/v2/kv/split.go:83.2,83.20 1 1
github.com/k0sproject/rig/v2/kv/split.go:83.20,85.3 1 1
github.com/k0sproject/rig/v2/kv/split.go:86.2,86.30 1 1
github.com/k0sproject/rig/v2/kv/split.go:90.60,92.2 1 0
github.com/k0sproject/rig/v2/cmd/errorexec.go:25.49,27.2 1 0
github.com/k0sproject/rig/v2/cmd/errorexec.go:30.51,30.65 1 0
github.com/k0sproject/rig/v2/cmd/errorexec.go:34.81,39.27 5 0
github.com/k0sproject/rig/v2/cmd/errorexec.go:39.27,41.3 1 0
github.com/k0sproject/rig/v2/cmd/errorexec.go:42.2,48.3 1 0
github.com/k0sproject/rig/v2/cmd/errorexec.go:52.48,54.2 1 0
github.com/k0sproject/rig/v2/cmd/errorexec.go:57.42,57.58 1 0
github.com/k0sproject/rig/v2/cmd/errorexec.go:60.41,60.68 1 0
github.com/k0sproject/rig/v2/cmd/errorexec.go:63.102,65.2 1 0
github.com/k0sproject/rig/v2/cmd/errorexec.go:68.93,70.2 1 0
github.com/k0sproject/rig/v2/cmd/errorexec.go:73.89,75.2 1 0
github.com/k0sproject/rig/v2/cmd/errorexec.go:78.63,78.79 1 0
github.com/k0sproject/rig/v2/cmd/errorexec.go:81.105,83.2 1 0
github.com/k0sproject/rig/v2/cmd/errorexec.go:86.79,88.2 1 0
github.com/k0sproject/rig/v2/cmd/errorexec.go:91.99,95.2 3 0
github.com/k0sproject/rig/v2/cmd/errorexec.go:98.82,100.2 1 0
github.com/k0sproject/rig/v2/cmd/errorexec.go:103.116,105.2 1 0
github.com/k0sproject/rig/v2/cmd/errorexec.go:108.88,110.2 1 0
github.com/k0sproject/rig/v2/cmd/errorexec.go:113.131,115.2 1 0
github.com/k0sproject/rig/v2/cmd/execoptions.go:57.49,58.44 1 1
github.com/k0sproject/rig/v2/cmd/execoptions.go:58.44,60.3 1 1
github.com/k0sproject/rig/v2/cmd/execoptions.go:61.2,61.12 1 1
github.com/k0sproject/rig/v2/cmd/execoptions.go:65.45,67.2 1 1
github.com/k0sproject/rig/v2/cmd/execoptions.go:70.41,72.2 1 1
github.com/k0sproject/rig/v2/cmd/execoptions.go:79.53,80.28 1 1
github.com/k0sproject/rig/v2/cmd/execoptions.go:81.21,82.29 1 0
github.com/k0sproject/rig/v2/cmd/execoptions.go:83.16,85.17 2 0
github.com/k0sproject/rig/v2/cmd/execoptions.go:85.17,87.4 1 0
github.com/k0sproject/rig/v2/cmd/execoptions.go:89.3,89.41 1 0
github.com/k0sproject/rig/v2/cmd/execoptions.go:89.41,91.4 1 0
github.com/k0sproject/rig/v2/cmd/execoptions.go:93.3,93.26 1 0
github.com/k0sproject/rig/v2/cmd/execoptions.go:94.10,95.29 1 1
github.com/k0sproject/rig/v2/cmd/execoptions.go:100.59,102.2 1 0
github.com/k0sproject/rig/v2/cmd/execoptions.go:105.59,107.2 1 0
github.com/k0sproject/rig/v2/cmd/execoptions.go:110.50,112.2 1 1
github.com/k0sproject/rig/v2/cmd/execoptions.go:115.47,117.2 1 1
github.com/k0sproject/rig/v2/cmd/execoptions.go:120.41,121.17 1 1
github.com/k0sproject/rig/v2/cmd/execoptions.go:121.17,123.3 1 1
github.com/k0sproject/rig/v2/cmd/execoptions.go:125.2,126.28 2 1
github.com/k0sproject/rig/v2/cmd/execoptions.go:126.28,128.3 1 0
github.com/k0sproject/rig/v2/cmd/execoptions.go:128.8,130.3 1 1
github.com/k0sproject/rig/v2/cmd/execoptions.go:132.2,132.16 1 1
github.com/k0sproject/rig/v2/cmd/execoptions.go:132.16,134.3 1 0
github.com/k0sproject/rig/v2/cmd/execoptions.go:136.2,136.13 1 1
github.com/k0sproject/rig/v2/cmd/execoptions.go:139.109,140.46 1 1
github.com/k0sproject/rig/v2/cmd/execoptions.go:140.46,140.76 1 1
github.com/k0sproject/rig/v2/cmd/execoptions.go:141.2,145.11 3 1
github.com/k0sproject/rig/v2/cmd/execoptions.go:150.51,152.2 1 1
github.com/k0sproject/rig/v2/cmd/execoptions.go:155.42,157.9 2 1
github.com/k0sproject/rig/v2/cmd/execoptions.go:158.22,159.65 1 0
github.com/k0sproject/rig/v2/cmd/execoptions.go:160.19,161.66 1 1
github.com/k0sproject/rig/v2/cmd/execoptions.go:163.2,163.18 1 1
github.com/k0sproject/rig/v2/cmd/execoptions.go:163.18,165.3 1 1
github.com/k0sproject/rig/v2/cmd/execoptions.go:166.2,166.23 1 1
github.com/k0sproject/rig/v2/cmd/execoptions.go:166.23,168.3 1 1
github.com/k0sproject/rig/v2/cmd/execoptions.go:169.2,169.35 1 1
github.com/k0sproject/rig/v2/cmd/execoptions.go:173.42,175.9 2 1
github.com/k0sproject/rig/v2/cmd/execoptions.go:176.22,177.66 1 0
github.com/k0sproject/rig/v2/cmd/execoptions.go:178.18,179.66 1 1
github.com/k0sproject/rig/v2/cmd/execoptions.go:181.2,182.21 2 1
github.com/k0sproject/rig/v2/cmd/execoptions.go:182.21,184.3 1 1
github.com/k0sproject/rig/v2/cmd/execoptions.go:185.2,185.23 1 1
github.com/k0sproject/rig/v2/cmd/execoptions.go:185.23,187.3 1 1
github.com/k0sproject/rig/v2/cmd/execoptions.go:188.2,188.35 1 1
github.com/k0sproject/rig/v2/cmd/execoptions.go:192.42,194.2 1 1
github.com/k0sproject/rig/v2/cmd/execoptions.go:197.34,198.30 1 1
github.com/k0sproject/rig/v2/cmd/execoptions.go:198.30,200.3 1 1
github.com/k0sproject/rig/v2/cmd/execoptions.go:204.53,205.48 1 0
github.com/k0sproject/rig/v2/cmd/execoptions.go:205.48,207.3 1 0
github.com/k0sproject/rig/v2/cmd/execoptions.go:208.2,208.37 1 0
github.com/k0sproject/rig/v2/cmd/execoptions.go:208.37,210.3 1 0
github.com/k0sproject/rig/v2/cmd/execoptions.go:211.2,211.10 1 0
github.com/k0sproject/rig/v2/cmd/execoptions.go:215.53,216.18 1 1
github.com/k0sproject/rig/v2/cmd/execoptions.go:216.18,218.3 1 1
github.com/k0sproject/rig/v2/cmd/execoptions.go:219.2,219.10 1 1
github.com/k0sproject/rig/v2/cmd/execoptions.go:223.36,224.30 1 1
github.com/k0sproject/rig/v2/cmd/execoptions.go:224.30,226.3 1 1
github.com/k0sproject/rig/v2/cmd/execoptions.go:230.39,231.30 1 1
github.com/k0sproject/rig/v2/cmd/execoptions.go:231.30,233.3 1 1
github.com/k0sproject/rig/v2/cmd/execoptions.go:237.37,238.30 1 1
github.com/k0sproject/rig/v2/cmd/execoptions.go:238.30,240.3 1 1
github.com/k0sproject/rig/v2/cmd/execoptions.go:244.37,245.30 1 1
github.com/k0sproject/rig/v2/cmd/execoptions.go:245.30,247.3 1 1
github.com/k0sproject/rig/v2/cmd/execoptions.go:251.32,252.30 1 0
github.com/k0sproject/rig/v2/cmd/execoptions.go:252.30,254.3 1 0
github.com/k0sproject/rig/v2/cmd/execoptions.go:258.34,259.30 1 0
github.com/k0sproject/rig/v2/cmd/execoptions.go:259.30,261.3 1 0
github.com/k0sproject/rig/v2/cmd/execoptions.go:265.31,266.30 1 1
github.com/k0sproject/rig/v2/cmd/execoptions.go:266.30,268.3 1 1
github.com/k0sproject/rig/v2/cmd/execoptions.go:272.30,273.30 1 1
github.com/k0sproject/rig/v2/cmd/execoptions.go:273.30,276.3 2 1
github.com/k0sproject/rig/v2/cmd/execoptions.go:280.29,281.30 1 0
github.com/k0sproject/rig/v2/cmd/execoptions.go:281.30,286.3 4 0
github.com/k0sproject/rig/v2/cmd/execoptions.go:290.38,291.30 1 1
github.com/k0sproject/rig/v2/cmd/execoptions.go:291.30,293.3 1 1
github.com/k0sproject/rig/v2/cmd/execoptions.go:297.34,298.30 1 0
github.com/k0sproject/rig/v2/cmd/execoptions.go:298.30,300.3 1 0
github.com/k0sproject/rig/v2/cmd/execoptions.go:304.36,305.30 1 1
github.com/k0sproject/rig/v2/cmd/execoptions.go:305.30,307.3 1 1
github.com/k0sproject/rig/v2/cmd/execoptions.go:311.22,312.30 1 0
github.com/k0sproject/rig/v2/cmd/execoptions.go:312.30,314.3 1 0
github.com/k0sproject/rig/v2/cmd/execoptions.go:320.32,321.30 1 0
github.com/k0sproject/rig/v2/cmd/execoptions.go:321.30,323.3 1 0
github.com/k0sproject/rig/v2/cmd/execoptions.go:327.50,328.30 1 1
github.com/k0sproject/rig/v2/cmd/execoptions.go:328.30,330.3 1 1
github.com/k0sproject/rig/v2/cmd/execoptions.go:334.38,335.30 1 0
github.com/k0sproject/rig/v2/cmd/execoptions.go:335.30,337.3 1 0
github.com/k0sproject/rig/v2/cmd/execoptions.go:343.33,344.30 1 1
github.com/k0sproject/rig/v2/cmd/execoptions.go:344.30,346.3 1 1
github.com/k0sproject/rig/v2/cmd/execoptions.go:350.45,367.2 3 1
github.com/k0sproject/rig/v2/cmd/execoptions.go:370.49,371.27 1 1
github.com/k0sproject/rig/v2/cmd/execoptions.go:371.27,373.3 1 1
github.com/k0sproject/rig/v2/cmd/execoptions.go:382.49,386.2 3 0
github.com/k0sproject/rig/v2/cmd/executor.go:42.18,42.44 1 1
github.com/k0sproject/rig/v2/cmd/executor.go:55.58,56.21 1 1
github.com/k0sproject/rig/v2/cmd/executor.go:56.21,57.42 1 1
github.com/k0sproject/rig/v2/cmd/executor.go:57.42,59.4 1 1
github.com/k0sproject/rig/v2/cmd/executor.go:60.3,61.38 2 0
github.com/k0sproject/rig/v2/cmd/executor.go:61.38,63.4 1 0
github.com/k0sproject/rig/v2/cmd/executor.go:64.3,64.14 1 0
github.com/k0sproject/rig/v2/cmd/executor.go:69.86,75.2 1 1
github.com/k0sproject/rig/v2/cmd/executor.go:81.40,83.2 1 1
github.com/k0sproject/rig/v2/cmd/executor.go:85.101,87.30 2 1
github.com/k0sproject/rig/v2/cmd/executor.go:87.30,89.3 1 1
github.com/k0sproject/rig/v2/cmd/executor.go:90.2,90.12 1 1
github.com/k0sproject/rig/v2/cmd/executor.go:94.80,96.2 1 1
github.com/k0sproject/rig/v2/cmd/executor.go:98.89,99.23 1 1
github.com/k0sproject/rig/v2/cmd/executor.go:99.23,101.3 1 1
github.com/k0sproject/rig/v2/cmd/executor.go:102.2,102.69 1 1
github.com/k0sproject/rig/v2/cmd/executor.go:110.76,115.27 5 1
github.com/k0sproject/rig/v2/cmd/executor.go:115.27,117.3 1 1
github.com/k0sproject/rig/v2/cmd/executor.go:118.2,124.3 1 1
github.com/k0sproject/rig/v2/cmd/executor.go:128.46,129.41 1 1
github.com/k0sproject/rig/v2/cmd/executor.go:129.41,131.3 1 1
github.com/k0sproject/rig/v2/cmd/executor.go:132.2,132.12 1 1
github.com/k0sproject/rig/v2/cmd/executor.go:137.43,139.2 1 1
github.com/k0sproject/rig/v2/cmd/executor.go:142.37,146.2 3 1
github.com/k0sproject/rig/v2/cmd/executor.go:149.36,150.46 1 1
github.com/k0sproject/rig/v2/cmd/executor.go:150.46,152.3 1 1
github.com/k0sproject/rig/v2/cmd/executor.go:153.2,153.23 1 0
github.com/k0sproject/rig/v2/cmd/executor.go:156.48,157.20 1 1
github.com/k0sproject/rig/v2/cmd/executor.go:157.20,160.3 1 0
github.com/k0sproject/rig/v2/cmd/executor.go:162.2,162.21 1 1
github.com/k0sproject/rig/v2/cmd/executor.go:162.21,164.3 1 0
github.com/k0sproject/rig/v2/cmd/executor.go:166.2,166.78 1 1
github.com/k0sproject/rig/v2/cmd/executor.go:166.78,168.3 1 0
github.com/k0sproject/rig/v2/cmd/executor.go:170.2,170.21 1 1
github.com/k0sproject/rig/v2/cmd/executor.go:170.21,172.3 1 0
github.com/k0sproject/rig/v2/cmd/executor.go:174.2,175.15 2 1
github.com/k0sproject/rig/v2/cmd/executor.go:175.15,177.3 1 0
github.com/k0sproject/rig/v2/cmd/executor.go:179.2,179.97 1 1
github.com/k0sproject/rig/v2/cmd/executor.go:182.38,184.24 2 1
github.com/k0sproject/rig/v2/cmd/executor.go:184.24,185.33 1 1
github.com/k0sproject/rig/v2/cmd/executor.go:185.33,186.47 1 1
github.com/k0sproject/rig/v2/cmd/executor.go:186.47,188.5 1 1
github.com/k0sproject/rig/v2/cmd/executor.go:191.2,191.12 1 1
github.com/k0sproject/rig/v2/cmd/executor.go:207.57,208.18 1 1
github.com/k0sproject/rig/v2/cmd/executor.go:208.18,210.16 2 1
github.com/k0sproject/rig/v2/cmd/executor.go:210.16,214.4 3 1
github.com/k0sproject/rig/v2/cmd/executor.go:215.3,215.24 1 1
github.com/k0sproject/rig/v2/cmd/executor.go:215.24,217.4 1 0
github.com/k0sproject/rig/v2/cmd/executor.go:219.2,219.15 1 1
github.com/k0sproject/rig/v2/cmd/executor.go:223.38,227.35 2 1
github.com/k0sproject/rig/v2/cmd/executor.go:227.35,229.3 1 1
github.com/k0sproject/rig/v2/cmd/executor.go:231.2,232.82 2 1
github.com/k0sproject/rig/v2/cmd/executor.go:232.82,234.3 1 1
github.com/k0sproject/rig/v2/cmd/executor.go:235.2,236.20 2 1
github.com/k0sproject/rig/v2/cmd/executor.go:236.20,237.22 1 1
github.com/k0sproject/rig/v2/cmd/executor.go:237.22,239.4 1 1
github.com/k0sproject/rig/v2/cmd/executor.go:239.9,241.4 1 1
github.com/k0sproject/rig/v2/cmd/executor.go:243.2,243.21 1 1
github.com/k0sproject/rig/v2/cmd/executor.go:243.21,245.3 1 1
github.com/k0sproject/rig/v2/cmd/executor.go:246.2,246.15 1 1
github.com/k0sproject/rig/v2/cmd/executor.go:249.29,251.12 2 1
github.com/k0sproject/rig/v2/cmd/executor.go:251.12,253.3 1 1
github.com/k0sproject/rig/v2/cmd/executor.go:254.2,254.45 1 1
github.com/k0sproject/rig/v2/cmd/executor.go:257.52,259.16 2 0
github.com/k0sproject/rig/v2/cmd/executor.go:259.16,261.3 1 0
github.com/k0sproject/rig/v2/cmd/executor.go:262.2,262.21 1 0
github.com/k0sproject/rig/v2/cmd/executor.go:262.21,264.3 1 0
github.com/k0sproject/rig/v2/cmd/executor.go:265.2,266.23 2 0
github.com/k0sproject/rig/v2/cmd/executor.go:266.23,268.3 1 0
github.com/k0sproject/rig/v2/cmd/executor.go:269.2,269.41 1 0
github.com/k0sproject/rig/v2/cmd/executor.go:272.39,273.42 1 1
github.com/k0sproject/rig/v2/cmd/executor.go:273.42,275.3 1 1
github.com/k0sproject/rig/v2/cmd/executor.go:277.2,278.26 2 1
github.com/k0sproject/rig/v2/cmd/executor.go:278.26,279.64 1 1
github.com/k0sproject/rig/v2/cmd/executor.go:279.64,280.59 1 0
github.com/k0sproject/rig/v2/cmd/executor.go:280.59,282.5 1 0
github.com/k0sproject/rig/v2/cmd/executor.go:285.2,285.33 1 1
github.com/k0sproject/rig/v2/cmd/executor.go:289.108,291.22 2 1
github.com/k0sproject/rig/v2/cmd/executor.go:291.22,293.3 1 0
github.com/k0sproject/rig/v2/cmd/executor.go:294.2,294.49 1 1
github.com/k0sproject/rig/v2/cmd/executor.go:294.49,296.3 1 1
github.com/k0sproject/rig/v2/cmd/executor.go:298.2,303.19 4 1
github.com/k0sproject/rig/v2/cmd/executor.go:303.19,305.3 1 1
github.com/k0sproject/rig/v2/cmd/executor.go:308.2,309.41 2 1
github.com/k0sproject/rig/v2/cmd/executor.go:309.41,311.53 2 1
github.com/k0sproject/rig/v2/cmd/executor.go:311.53,311.82 1 1
github.com/k0sproject/rig/v2/cmd/executor.go:312.3,312.53 1 1
github.com/k0sproject/rig/v2/cmd/executor.go:312.53,312.82 1 1
github.com/k0sproject/rig/v2/cmd/executor.go:313.3,315.28 3 1
github.com/k0sproject/rig/v2/cmd/executor.go:321.2,323.27 2 1
github.com/k0sproject/rig/v2/cmd/executor.go:323.27,325.3 1 1
github.com/k0sproject/rig/v2/cmd/executor.go:327.2,327.19 1 1
github.com/k0sproject/rig/v2/cmd/executor.go:327.19,329.3 1 1
github.com/k0sproject/rig/v2/cmd/executor.go:331.2,336.16 5 1
github.com/k0sproject/rig/v2/cmd/executor.go:336.16,337.34 1 0
github.com/k0sproject/rig/v2/cmd/executor.go:337.34,339.4 1 0
github.com/k0sproject/rig/v2/cmd/executor.go:340.3,341.58 2 0
github.com/k0sproject/rig/v2/cmd/executor.go:344.2,344.19 1 1
github.com/k0sproject/rig/v2/cmd/executor.go:344.19,345.34 1 0
github.com/k0sproject/rig/v2/cmd/executor.go:345.34,347.4 1 0
github.com/k0sproject/rig/v2/cmd/executor.go:348.3,349.91 2 0
github.com/k0sproject/rig/v2/cmd/executor.go:352.2,353.19 2 1
github.com/k0sproject/rig/v2/cmd/executor.go:353.19,355.3 1 1
github.com/k0sproject/rig/v2/cmd/executor.go:357.2,366.8 1 1
github.com/k0sproject/rig/v2/cmd/executor.go:370.97,372.2 1 1
github.com/k0sproject/rig/v2/cmd/executor.go:375.95,377.16 2 1
github.com/k0sproject/rig/v2/cmd/executor.go:377.16,379.3 1 1
github.com/k0sproject/rig/v2/cmd/executor.go:380.2,380.36 1 1
github.com/k0sproject/rig/v2/cmd/executor.go:380.36,382.3 1 1
github.com/k0sproject/rig/v2/cmd/executor.go:384.2,384.12 1 1
github.com/k0sproject/rig/v2/cmd/executor.go:388.67,390.2 1 1
github.com/k0sproject/rig/v2/cmd/executor.go:393.111,395.9 2 1
github.com/k0sproject/rig/v2/cmd/executor.go:395.9,397.3 1 0
github.com/k0sproject/rig/v2/cmd/executor.go:398.2,398.15 1 1
github.com/k0sproject/rig/v2/cmd/executor.go:398.15,399.26 1 1
github.com/k0sproject/rig/v2/cmd/executor.go:399.26,403.4 3 1
github.com/k0sproject/rig/v2/cmd/executor.go:406.2,410.16 4 1
github.com/k0sproject/rig/v2/cmd/executor.go:410.16,412.3 1 0
github.com/k0sproject/rig/v2/cmd/executor.go:413.2,414.36 2 1
github.com/k0sproject/rig/v2/cmd/executor.go:414.36,417.3 2 0
github.com/k0sproject/rig/v2/cmd/executor.go:419.2,421.49 3 1
github.com/k0sproject/rig/v2/cmd/executor.go:425.83,427.2 1 1
github.com/k0sproject/rig/v2/cmd/executor.go:431.105,433.22 2 0
github.com/k0sproject/rig/v2/cmd/executor.go:433.22,436.3 2 0
github.com/k0sproject/rig/v2/cmd/executor.go:437.2,438.12 2 0
github.com/k0sproject/rig/v2/cmd/executor.go:438.12,439.62 1 0
github.com/k0sproject/rig/v2/cmd/executor.go:439.62,442.4 2 0
github.com/k0sproject/rig/v2/cmd/executor.go:442.9,444.4 1 0
github.com/k0sproject/rig/v2/cmd/executor.go:445.3,445.95 1 0
github.com/k0sproject/rig/v2/cmd/executor.go:447.2,447.14 1 0
github.com/k0sproject/rig/v2/cmd/executor.go:452.111,454.2 1 0
github.com/k0sproject/rig/v2/cmd/executor.go:458.77,460.2 1 0
github.com/k0sproject/rig/v2/cmd/executor.go:464.83,466.2 1 0
github.com/k0sproject/rig/v2/cmd/executor.go:470.148,472.16 2 0
github.com/k0sproject/rig/v2/cmd/executor.go:472.16,474.3 1 0
github.com/k0sproject/rig/v2/cmd/executor.go:475.2,475.20 1 0
github.com/k0sproject/rig/v2/cmd/proc.go:21.56,23.20 2 1
github.com/k0sproject/rig/v2/cmd/proc.go:23.20,25.3 1 1
github.com/k0sproject/rig/v2/cmd/proc.go:26.2,26.21 1 1
github.com/k0sproject/rig/v2/cmd/proc.go:26.21,28.3 1 1
github.com/k0sproject/rig/v2/cmd/proc.go:29.2,29.21 1 1
github.com/k0sproject/rig/v2/cmd/proc.go:29.21,31.3 1 1
github.com/k0sproject/rig/v2/cmd/proc.go:32.2,32.31 1 1
github.com/k0sproject/rig/v2/cmd/proc.go:36.88,38.2 1 1
github.com/k0sproject/rig/v2/cmd/proc.go:41.67,43.2 1 1
github.com/k0sproject/rig/v2/byteslice/indexall.go:6.36,7.40 1 1
github.com/k0sproject/rig/v2/byteslice/indexall.go:7.40,9.3 1 1
github.com/k0sproject/rig/v2/byteslice/indexall.go:11.2,13.36 2 1
github.com/k0sproject/rig/v2/byteslice/indexall.go:13.36,15.16 2 1
github.com/k0sproject/rig/v2/byteslice/indexall.go:15.16,16.9 1 1
github.com/k0sproject/rig/v2/byteslice/indexall.go:18.3,20.28 3 1
github.com/k0sproject/rig/v2/byteslice/indexall.go:23.2,23.16 1 1
github.com/k0sproject/rig/v2/byteslice/indexall.go:27.50,30.77 3 0
github.com/k0sproject/rig/v2/byteslice/indexall.go:30.77,32.3 1 0
github.com/k0sproject/rig/v2/byteslice/indexall.go:33.2,33.25 1 0
github.com/k0sproject/rig/v2/byteslice/partialindex.go:10.42,11.38 1 1
github.com/k0sproject/rig/v2/byteslice/partialindex.go:11.38,13.3 1 1
github.com/k0sproject/rig/v2/byteslice/partialindex.go:15.2,15.56 1 1
github.com/k0sproject/rig/v2/byteslice/partialindex.go:15.56,16.12 1 1
github.com/k0sproject/rig/v2/byteslice/partialindex.go:16.12,17.12 1 1
github.com/k0sproject/rig/v2/byteslice/partialindex.go:19.3,19.38 1 1
github.com/k0sproject/rig/v2/byteslice/partialindex.go:19.38,21.4 1 1
github.com/k0sproject/rig/v2/byteslice/partialindex.go:24.2,24.11 1 1
github.com/k0sproject/rig/v2/os/darwin.go:11.60,12.22 1 1
github.com/k0sproject/rig/v2/os/darwin.go:12.22,14.3 1 0
github.com/k0sproject/rig/v2/os/darwin.go:16.2,16.60 1 1
github.com/k0sproject/rig/v2/os/darwin.go:16.60,18.3 1 0
github.com/k0sproject/rig/v2/os/darwin.go:20.2,21.16 2 1
github.com/k0sproject/rig/v2/os/darwin.go:21.16,23.3 1 0
github.com/k0sproject/rig/v2/os/darwin.go:25.2,26.246 2 1
github.com/k0sproject/rig/v2/os/darwin.go:26.246,28.3 1 0
github.com/k0sproject/rig/v2/os/darwin.go:30.2,36.58 2 1
github.com/k0sproject/rig/v2/os/darwin.go:36.58,38.3 1 1
github.com/k0sproject/rig/v2/os/darwin.go:40.2,40.22 1 1
github.com/k0sproject/rig/v2/os/darwin.go:44.41,46.2 1 0
github.com/k0sproject/rig/v2/os/defaultprovider.go:13.52,20.3 6 0
github.com/k0sproject/rig/v2/os/defaultprovider.go:36.30,38.2 1 0
github.com/k0sproject/rig/v2/os/linux.go:13.59,14.22 1 1
github.com/k0sproject/rig/v2/os/linux.go:14.22,16.3 1 0
github.com/k0sproject/rig/v2/os/linux.go:18.2,18.59 1 1
github.com/k0sproject/rig/v2/os/linux.go:18.59,21.3 2 0
github.com/k0sproject/rig/v2/os/linux.go:23.2,27.48 4 1
github.com/k0sproject/rig/v2/os/linux.go:27.48,30.3 2 0
github.com/k0sproject/rig/v2/os/linux.go:32.2,32.58 1 1
github.com/k0sproject/rig/v2/os/linux.go:32.58,34.3 1 1
github.com/k0sproject/rig/v2/os/linux.go:36.2,36.22 1 1
github.com/k0sproject/rig/v2/os/linux.go:40.40,42.2 1 0
github.com/k0sproject/rig/v2/os/linux_compat.go:37.65,38.22 1 1
github.com/k0sproject/rig/v2/os/linux_compat.go:38.22,40.3 1 0
github.com/k0sproject/rig/v2/os/linux_compat.go:42.2,42.59 1 1
github.com/k0sproject/rig/v2/os/linux_compat.go:42.59,44.3 1 1
github.com/k0sproject/rig/v2/os/linux_compat.go:46.2,51.58 2 1
github.com/k0sproject/rig/v2/os/linux_compat.go:51.58,53.3 1 1
github.com/k0sproject/rig/v2/os/linux_compat.go:55.2,55.41 1 1
github.com/k0sproject/rig/v2/os/linux_compat.go:55.41,56.84 1 1
github.com/k0sproject/rig/v2/os/linux_compat.go:56.84,57.12 1 1
github.com/k0sproject/rig/v2/os/linux_compat.go:59.3,59.26 1 1
github.com/k0sproject/rig/v2/os/linux_compat.go:59.26,62.4 2 1
github.com/k0sproject/rig/v2/os/linux_compat.go:62.9,64.4 1 1
github.com/k0sproject/rig/v2/os/linux_compat.go:65.3,71.23 2 1
github.com/k0sproject/rig/v2/os/linux_compat.go:74.2,78.22 2 1
github.com/k0sproject/rig/v2/os/linux_compat.go:84.46,86.2 1 0
github.com/k0sproject/rig/v2/os/release.go:63.42,64.18 1 1
github.com/k0sproject/rig/v2/os/release.go:64.18,66.3 1 1
github.com/k0sproject/rig/v2/os/release.go:67.2,67.45 1 1
github.com/k0sproject/rig/v2/os/release.go:67.45,69.3 1 1
github.com/k0sproject/rig/v2/os/release.go:70.2,70.62 1 1
github.com/k0sproject/rig/v2/os/release.go:74.35,75.18 1 0
github.com/k0sproject/rig/v2/os/release.go:75.18,77.3 1 0
github.com/k0sproject/rig/v2/os/release.go:78.2,78.31 1 0
github.com/k0sproject/rig/v2/os/service.go:18.50,20.16 2 0
github.com/k0sproject/rig/v2/os/service.go:20.16,22.3 1 0
github.com/k0sproject/rig/v2/os/service.go:23.2,23.16 1 0
github.com/k0sproject/rig/v2/os/service.go:28.83,30.2 1 0
github.com/k0sproject/rig/v2/os/windows.go:17.61,18.23 1 1
github.com/k0sproject/rig/v2/os/windows.go:18.23,20.3 1 0
github.com/k0sproject/rig/v2/os/windows.go:21.2,23.16 3 1
github.com/k0sproject/rig/v2/os/windows.go:23.16,25.3 1 0
github.com/k0sproject/rig/v2/os/windows.go:26.2,27.64 2 1
github.com/k0sproject/rig/v2/os/windows.go:27.64,29.3 1 0
github.com/k0sproject/rig/v2/os/windows.go:30.2,36.85 2 1
github.com/k0sproject/rig/v2/os/windows.go:36.85,38.3 1 1
github.com/k0sproject/rig/v2/os/windows.go:40.2,40.22 1 1
github.com/k0sproject/rig/v2/os/windows.go:44.42,46.2 1 0
github.com/k0sproject/rig/v2/initsystem/defaultprovider.go:54.52,64.3 9 0
github.com/k0sproject/rig/v2/initsystem/defaultprovider.go:80.30,82.2 1 0
github.com/k0sproject/rig/v2/initsystem/launchd.go:19.32,19.52 1 0
github.com/k0sproject/rig/v2/initsystem/launchd.go:26.89,27.82 1 0
github.com/k0sproject/rig/v2/initsystem/launchd.go:27.82,29.3 1 0
github.com/k0sproject/rig/v2/initsystem/launchd.go:30.2,30.12 1 0
github.com/k0sproject/rig/v2/initsystem/launchd.go:34.88,35.77 1 0
github.com/k0sproject/rig/v2/initsystem/launchd.go:35.77,37.3 1 0
github.com/k0sproject/rig/v2/initsystem/launchd.go:38.2,38.12 1 0
github.com/k0sproject/rig/v2/initsystem/launchd.go:42.92,45.2 1 0
github.com/k0sproject/rig/v2/initsystem/launchd.go:48.102,52.2 2 0
github.com/k0sproject/rig/v2/initsystem/launchd.go:55.90,56.79 1 0
github.com/k0sproject/rig/v2/initsystem/launchd.go:56.79,58.3 1 0
github.com/k0sproject/rig/v2/initsystem/launchd.go:59.2,59.12 1 0
github.com/k0sproject/rig/v2/initsystem/launchd.go:63.91,64.80 1 0
github.com/k0sproject/rig/v2/initsystem/launchd.go:64.80,66.3 1 0
github.com/k0sproject/rig/v2/initsystem/launchd.go:67.2,67.12 1 0
github.com/k0sproject/rig/v2/initsystem/launchd.go:71.111,73.16 2 0
github.com/k0sproject/rig/v2/initsystem/launchd.go:73.16,75.3 1 0
github.com/k0sproject/rig/v2/initsystem/launchd.go:76.2,77.23 2 0
github.com/k0sproject/rig/v2/initsystem/launchd.go:77.23,79.3 1 0
github.com/k0sproject/rig/v2/initsystem/launchd.go:80.2,80.18 1 0
github.com/k0sproject/rig/v2/initsystem/launchd.go:84.107,86.2 1 1
github.com/k0sproject/rig/v2/initsystem/launchd.go:89.38,90.65 1 0
github.com/k0sproject/rig/v2/initsystem/launchd.go:90.65,91.20 1 0
github.com/k0sproject/rig/v2/initsystem/launchd.go:91.20,93.4 1 0
github.com/k0sproject/rig/v2/initsystem/launchd.go:94.3,94.121 1 0
github.com/k0sproject/rig/v2/initsystem/launchd.go:94.121,96.4 1 0
github.com/k0sproject/rig/v2/initsystem/launchd.go:98.3,98.25 1 0
github.com/k0sproject/rig/v2/initsystem/openrc.go:19.31,19.50 1 0
github.com/k0sproject/rig/v2/initsystem/openrc.go:26.88,27.78 1 0
github.com/k0sproject/rig/v2/initsystem/openrc.go:27.78,29.3 1 0
github.com/k0sproject/rig/v2/initsystem/openrc.go:30.2,30.12 1 0
github.com/k0sproject/rig/v2/initsystem/openrc.go:34.87,35.77 1 0
github.com/k0sproject/rig/v2/initsystem/openrc.go:35.77,37.3 1 0
github.com/k0sproject/rig/v2/initsystem/openrc.go:38.2,38.12 1 0
github.com/k0sproject/rig/v2/initsystem/openrc.go:42.103,44.16 2 0
github.com/k0sproject/rig/v2/initsystem/openrc.go:44.16,46.3 1 0
github.com/k0sproject/rig/v2/initsystem/openrc.go:47.2,47.36 1 0
github.com/k0sproject/rig/v2/initsystem/openrc.go:51.90,52.80 1 0
github.com/k0sproject/rig/v2/initsystem/openrc.go:52.80,54.3 1 0
github.com/k0sproject/rig/v2/initsystem/openrc.go:55.2,55.12 1 0
github.com/k0sproject/rig/v2/initsystem/openrc.go:59.89,60.78 1 0
github.com/k0sproject/rig/v2/initsystem/openrc.go:60.78,62.3 1 0
github.com/k0sproject/rig/v2/initsystem/openrc.go:63.2,63.12 1 0
github.com/k0sproject/rig/v2/initsystem/openrc.go:67.90,68.78 1 0
github.com/k0sproject/rig/v2/initsystem/openrc.go:68.78,70.3 1 0
github.com/k0sproject/rig/v2/initsystem/openrc.go:71.2,71.12 1 0
github.com/k0sproject/rig/v2/initsystem/openrc.go:75.91,77.2 1 0
github.com/k0sproject/rig/v2/initsystem/openrc.go:80.106,82.2 1 1
github.com/k0sproject/rig/v2/initsystem/openrc.go:85.73,87.21 2 1
github.com/k0sproject/rig/v2/initsystem/openrc.go:87.21,89.3 1 1
github.com/k0sproject/rig/v2/initsystem/openrc.go:90.2,94.25 4 1
github.com/k0sproject/rig/v2/initsystem/openrc.go:94.25,98.3 3 1
github.com/k0sproject/rig/v2/initsystem/openrc.go:99.2,99.19 1 1
github.com/k0sproject/rig/v2/initsystem/openrc.go:103.37,104.65 1 0
github.com/k0sproject/rig/v2/initsystem/openrc.go:104.65,105.20 1 0
github.com/k0sproject/rig/v2/initsystem/openrc.go:105.20,107.4 1 0
github.com/k0sproject/rig/v2/initsystem/openrc.go:108.3,108.184 1 0
github.com/k0sproject/rig/v2/initsystem/openrc.go:108.184,110.4 1 0
github.com/k0sproject/rig/v2/initsystem/openrc.go:111.3,111.25 1 0
github.com/k0sproject/rig/v2/initsystem/runit.go:20.30,20.48 1 0
github.com/k0sproject/rig/v2/initsystem/runit.go:27.87,28.71 1 0
github.com/k0sproject/rig/v2/initsystem/runit.go:28.71,30.3 1 0
github.com/k0sproject/rig/v2/initsystem/runit.go:31.2,31.12 1 0
github.com/k0sproject/rig/v2/initsystem/runit.go:35.86,36.70 1 0
github.com/k0sproject/rig/v2/initsystem/runit.go:36.70,38.3 1 0
github.com/k0sproject/rig/v2/initsystem/runit.go:39.2,39.12 1 0
github.com/k0sproject/rig/v2/initsystem/runit.go:43.89,44.73 1 0
github.com/k0sproject/rig/v2/initsystem/runit.go:44.73,46.3 1 0
github.com/k0sproject/rig/v2/initsystem/runit.go:47.2,47.12 1 0
github.com/k0sproject/rig/v2/initsystem/runit.go:51.90,53.2 1 0
github.com/k0sproject/rig/v2/initsystem/runit.go:56.100,58.2 1 0
github.com/k0sproject/rig/v2/initsystem/runit.go:61.88,65.95 4 0
github.com/k0sproject/rig/v2/initsystem/runit.go:65.95,67.3 1 0
github.com/k0sproject/rig/v2/initsystem/runit.go:68.2,68.12 1 0
github.com/k0sproject/rig/v2/initsystem/runit.go:72.89,74.80 2 0
github.com/k0sproject/rig/v2/initsystem/runit.go:74.80,76.3 1 0
github.com/k0sproject/rig/v2/initsystem/runit.go:77.2,77.12 1 0
github.com/k0sproject/rig/v2/initsystem/runit.go:82.109,84.16 2 0
github.com/k0sproject/rig/v2/initsystem/runit.go:84.16,86.3 1 0
github.com/k0sproject/rig/v2/initsystem/runit.go:87.2,87.38 1 0
github.com/k0sproject/rig/v2/initsystem/runit.go:92.105,94.2 1 1
github.com/k0sproject/rig/v2/initsystem/runit.go:97.36,98.65 1 0
github.com/k0sproject/rig/v2/initsystem/runit.go:98.65,99.20 1 0
github.com/k0sproject/rig/v2/initsystem/runit.go:99.20,101.4 1 0
github.com/k0sproject/rig/v2/initsystem/runit.go:103.3,103.86 1 0
github.com/k0sproject/rig/v2/initsystem/runit.go:103.86,105.4 1 0
github.com/k0sproject/rig/v2/initsystem/runit.go:107.3,107.83 1 0
github.com/k0sproject/rig/v2/initsystem/runit.go:107.83,109.4 1 0
github.com/k0sproject/rig/v2/initsystem/runit.go:110.3,110.23 1 0
github.com/k0sproject/rig/v2/initsystem/service.go:21.61,23.16 2 0
github.com/k0sproject/rig/v2/initsystem/service.go:23.16,25.3 1 0
github.com/k0sproject/rig/v2/initsystem/service.go:26.2,26.16 1 0
github.com/k0sproject/rig/v2/initsystem/service.go:31.92,33.2 1 0
github.com/k0sproject/rig/v2/initsystem/service.go:41.61,42.22 1 0
github.com/k0sproject/rig/v2/initsystem/service.go:42.22,44.3 1 0
github.com/k0sproject/rig/v2/initsystem/service.go:45.2,45.14 1 0
github.com/k0sproject/rig/v2/initsystem/service.go:49.101,51.2 1 0
github.com/k0sproject/rig/v2/initsystem/service.go:54.100,56.2 1 0
github.com/k0sproject/rig/v2/initsystem/service.go:59.116,61.2 1 0
github.com/k0sproject/rig/v2/initsystem/service.go:64.102,66.2 1 0
github.com/k0sproject/rig/v2/initsystem/service.go:69.103,71.2 1 0
github.com/k0sproject/rig/v2/initsystem/service.go:74.102,76.2 1 0
github.com/k0sproject/rig/v2/initsystem/stream.go:13.101,15.36 2 1
github.com/k0sproject/rig/v2/initsystem/stream.go:15.36,17.3 1 1
github.com/k0sproject/rig/v2/initsystem/stream.go:18.2,18.16 1 1
github.com/k0sproject/rig/v2/initsystem/stream.go:18.16,20.3 1 1
github.com/k0sproject/rig/v2/initsystem/stream.go:21.2,21.12 1 1
github.com/k0sproject/rig/v2/initsystem/systemd.go:20.32,20.52 1 0
github.com/k0sproject/rig/v2/initsystem/systemd.go:27.89,28.78 1 0
github.com/k0sproject/rig/v2/initsystem/systemd.go:28.78,30.3 1 0
github.com/k0sproject/rig/v2/initsystem/systemd.go:31.2,31.12 1 0
github.com/k0sproject/rig/v2/initsystem/systemd.go:35.90,36.79 1 0
github.com/k0sproject/rig/v2/initsystem/systemd.go:36.79,38.3 1 0
github.com/k0sproject/rig/v2/initsystem/systemd.go:39.2,39.12 1 0
github.com/k0sproject/rig/v2/initsystem/systemd.go:43.91,44.80 1 0
github.com/k0sproject/rig/v2/initsystem/systemd.go:44.80,46.3 1 0
[...]
github.com/k0sproject/rig/v2/sshconfig/set.go:1643.23,1644.13 1 0
github.com/k0sproject/rig/v2/sshconfig/set.go:1646.4,1647.18 2 0
github.com/k0sproject/rig/v2/sshconfig/set.go:1650.2,1650.12 1 0
github.com/k0sproject/rig/v2/sshconfig/set.go:1658.47,1659.25 1 1
github.com/k0sproject/rig/v2/sshconfig/set.go:1659.25,1662.3 1 1
github.com/k0sproject/rig/v2/sshconfig/set.go:1664.2,1665.34 2 0
github.com/k0sproject/rig/v2/sshconfig/set.go:1665.34,1668.3 1 0
github.com/k0sproject/rig/v2/sshconfig/set.go:1670.2,1670.56 1 0
github.com/k0sproject/rig/v2/sshconfig/set.go:1670.56,1673.3 1 0
github.com/k0sproject/rig/v2/sshconfig/set.go:1675.2,1675.46 1 0
github.com/k0sproject/rig/v2/sshconfig/set.go:1675.46,1677.49 2 0
github.com/k0sproject/rig/v2/sshconfig/set.go:1677.49,1678.12 1 0
github.com/k0sproject/rig/v2/sshconfig/set.go:1681.3,1682.17 2 0
github.com/k0sproject/rig/v2/sshconfig/set.go:1682.17,1684.4 1 0
github.com/k0sproject/rig/v2/sshconfig/set.go:1687.3,1687.20 1 0
github.com/k0sproject/rig/v2/sshconfig/set.go:1687.20,1688.58 1 0
github.com/k0sproject/rig/v2/sshconfig/set.go:1688.58,1690.19 2 0
github.com/k0sproject/rig/v2/sshconfig/set.go:1690.19,1692.6 1 0
github.com/k0sproject/rig/v2/sshconfig/set.go:1693.5,1693.15 1 0
github.com/k0sproject/rig/v2/sshconfig/set.go:1693.15,1694.14 1 0
github.com/k0sproject/rig/v2/sshconfig/set.go:1696.5,1697.19 2 0
github.com/k0sproject/rig/v2/sshconfig/set.go:1697.19,1699.6 1 0
github.com/k0sproject/rig/v2/sshconfig/set.go:1700.5,1700.14 1 0
github.com/k0sproject/rig/v2/sshconfig/set.go:1700.14,1701.53 1 0
github.com/k0sproject/rig/v2/sshconfig/set.go:1701.53,1703.7 1 0
github.com/k0sproject/rig/v2/sshconfig/set.go:1704.6,1704.16 1 0
github.com/k0sproject/rig/v2/sshconfig/set.go:1709.3,1709.49 1 0
github.com/k0sproject/rig/v2/sshconfig/set.go:1709.49,1711.4 1 0
github.com/k0sproject/rig/v2/sshconfig/set.go:1712.3,1712.13 1 0
github.com/k0sproject/rig/v2/sshconfig/set.go:1717.2,1717.40 1 0
github.com/k0sproject/rig/v2/sshconfig/set.go:1717.40,1720.3 1 0
github.com/k0sproject/rig/v2/sshconfig/set.go:1723.2,1723.130 1 0
github.com/k0sproject/rig/v2/sshconfig/set.go:1728.54,1730.29 2 0
github.com/k0sproject/rig/v2/sshconfig/set.go:1730.29,1732.17 2 0
github.com/k0sproject/rig/v2/sshconfig/set.go:1732.17,1734.4 1 0
github.com/k0sproject/rig/v2/sshconfig/set.go:1735.3,1735.30 1 0
github.com/k0sproject/rig/v2/sshconfig/set.go:1737.2,1738.16 2 0
github.com/k0sproject/rig/v2/sshconfig/set.go:1738.16,1740.3 1 0
github.com/k0sproject/rig/v2/sshconfig/set.go:1741.2,1741.35 1 0
github.com/k0sproject/rig/v2/sshconfig/set.go:1741.35,1743.17 2 0
github.com/k0sproject/rig/v2/sshconfig/set.go:1743.17,1745.4 1 0
github.com/k0sproject/rig/v2/sshconfig/set.go:1746.3,1746.30 1 0
github.com/k0sproject/rig/v2/sshconfig/set.go:1746.30,1748.28 2 0
github.com/k0sproject/rig/v2/sshconfig/set.go:1749.20,1750.14 1 0
github.com/k0sproject/rig/v2/sshconfig/set.go:1751.21,1752.14 1 0
github.com/k0sproject/rig/v2/sshconfig/set.go:1756.4,1756.37 1 0
github.com/k0sproject/rig/v2/sshconfig/set.go:1756.37,1757.26 1 0
github.com/k0sproject/rig/v2/sshconfig/set.go:1757.26,1760.6 1 0
github.com/k0sproject/rig/v2/sshconfig/set.go:1765.2,1765.19 1 0
github.com/k0sproject/rig/v2/sshconfig/setterbuilders.go:14.63,17.61 2 1
github.com/k0sproject/rig/v2/sshconfig/setterbuilders.go:17.61,18.43 1 1
github.com/k0sproject/rig/v2/sshconfig/setterbuilders.go:18.43,20.4 1 1
github.com/k0sproject/rig/v2/sshconfig/setterbuilders.go:21.3,23.17 3 1
github.com/k0sproject/rig/v2/sshconfig/setterbuilders.go:23.17,25.4 1 1
github.com/k0sproject/rig/v2/sshconfig/setterbuilders.go:26.3,26.22 1 1
github.com/k0sproject/rig/v2/sshconfig/setterbuilders.go:26.22,33.4 1 1
github.com/k0sproject/rig/v2/sshconfig/setterbuilders.go:34.3,35.19 2 1
github.com/k0sproject/rig/v2/sshconfig/setterbuilders.go:36.12,37.16 1 1
github.com/k0sproject/rig/v2/sshconfig/setterbuilders.go:38.12,39.16 1 1
github.com/k0sproject/rig/v2/sshconfig/setterbuilders.go:40.12,41.16 1 1
github.com/k0sproject/rig/v2/sshconfig/setterbuilders.go:43.3,43.19 1 1
github.com/k0sproject/rig/v2/sshconfig/setterbuilders.go:43.19,47.4 2 1
github.com/k0sproject/rig/v2/sshconfig/setterbuilders.go:48.3,50.17 3 1
github.com/k0sproject/rig/v2/sshconfig/setterbuilders.go:51.12,54.29 2 1
github.com/k0sproject/rig/v2/sshconfig/setterbuilders.go:54.29,55.39 1 1
github.com/k0sproject/rig/v2/sshconfig/setterbuilders.go:55.39,57.6 1 1
github.com/k0sproject/rig/v2/sshconfig/setterbuilders.go:59.12,62.31 2 1
github.com/k0sproject/rig/v2/sshconfig/setterbuilders.go:62.31,63.39 1 1
github.com/k0sproject/rig/v2/sshconfig/setterbuilders.go:63.39,65.6 1 1
github.com/k0sproject/rig/v2/sshconfig/setterbuilders.go:67.12,70.31 1 1
github.com/k0sproject/rig/v2/sshconfig/setterbuilders.go:70.31,71.34 1 1
github.com/k0sproject/rig/v2/sshconfig/setterbuilders.go:71.34,73.20 2 1
github.com/k0sproject/rig/v2/sshconfig/setterbuilders.go:73.20,75.7 1 0
github.com/k0sproject/rig/v2/sshconfig/setterbuilders.go:76.6,76.17 1 1
github.com/k0sproject/rig/v2/sshconfig/setterbuilders.go:76.17,77.26 1 1
github.com/k0sproject/rig/v2/sshconfig/setterbuilders.go:79.6,79.38 1 1
github.com/k0sproject/rig/v2/sshconfig/setterbuilders.go:83.3,84.13 2 1
github.com/k0sproject/rig/v2/sshconfig/setterbuilders.go:89.40,90.61 1 1
github.com/k0sproject/rig/v2/sshconfig/setterbuilders.go:90.61,91.43 1 1
github.com/k0sproject/rig/v2/sshconfig/setterbuilders.go:91.43,93.4 1 0
github.com/k0sproject/rig/v2/sshconfig/setterbuilders.go:94.3,94.42 1 1
github.com/k0sproject/rig/v2/sshconfig/setterbuilders.go:94.42,96.4 1 1
github.com/k0sproject/rig/v2/sshconfig/setterbuilders.go:97.3,97.37 1 1
github.com/k0sproject/rig/v2/sshconfig/setterbuilders.go:107.58,108.61 1 1
github.com/k0sproject/rig/v2/sshconfig/setterbuilders.go:108.61,109.43 1 1
github.com/k0sproject/rig/v2/sshconfig/setterbuilders.go:109.43,111.4 1 1
github.com/k0sproject/rig/v2/sshconfig/setterbuilders.go:113.3,117.17 5 1
github.com/k0sproject/rig/v2/sshconfig/setterbuilders.go:117.17,119.4 1 1
github.com/k0sproject/rig/v2/sshconfig/setterbuilders.go:121.3,123.17 3 1
github.com/k0sproject/rig/v2/sshconfig/setterbuilders.go:123.17,124.56 1 1
github.com/k0sproject/rig/v2/sshconfig/setterbuilders.go:124.56,125.25 1 0
github.com/k0sproject/rig/v2/sshconfig/setterbuilders.go:125.25,127.6 1 0
github.com/k0sproject/rig/v2/sshconfig/setterbuilders.go:128.5,129.15 2 0
github.com/k0sproject/rig/v2/sshconfig/setterbuilders.go:131.4,131.111 1 1
github.com/k0sproject/rig/v2/sshconfig/setterbuilders.go:133.3,133.27 1 1
github.com/k0sproject/rig/v2/sshconfig/setterbuilders.go:133.27,135.4 1 1
github.com/k0sproject/rig/v2/sshconfig/setterbuilders.go:136.3,137.13 2 1
github.com/k0sproject/rig/v2/sshconfig/splitargs.go:11.19,13.4 1 1
github.com/k0sproject/rig/v2/sshconfig/splitargs.go:22.73,26.9 3 1
github.com/k0sproject/rig/v2/sshconfig/splitargs.go:26.9,28.3 1 0
github.com/k0sproject/rig/v2/sshconfig/splitargs.go:29.2,29.15 1 1
github.com/k0sproject/rig/v2/sshconfig/splitargs.go:29.15,32.3 2 1
github.com/k0sproject/rig/v2/sshconfig/splitargs.go:33.2,37.34 3 1
github.com/k0sproject/rig/v2/sshconfig/splitargs.go:37.34,41.38 2 1
github.com/k0sproject/rig/v2/sshconfig/splitargs.go:41.38,42.12 1 0
github.com/k0sproject/rig/v2/sshconfig/splitargs.go:45.3,45.42 1 1
github.com/k0sproject/rig/v2/sshconfig/splitargs.go:45.42,46.9 1 1
github.com/k0sproject/rig/v2/sshconfig/splitargs.go:50.3,50.29 1 1
github.com/k0sproject/rig/v2/sshconfig/splitargs.go:50.29,52.22 2 1
github.com/k0sproject/rig/v2/sshconfig/splitargs.go:52.22,53.129 1 0
github.com/k0sproject/rig/v2/sshconfig/splitargs.go:53.129,55.6 1 0
github.com/k0sproject/rig/v2/sshconfig/splitargs.go:56.5,56.41 1 0
github.com/k0sproject/rig/v2/sshconfig/splitargs.go:57.10,57.60 1 1
github.com/k0sproject/rig/v2/sshconfig/splitargs.go:57.60,59.10 1 1
github.com/k0sproject/rig/v2/sshconfig/splitargs.go:60.10,60.62 1 1
github.com/k0sproject/rig/v2/sshconfig/splitargs.go:60.62,62.5 1 1
github.com/k0sproject/rig/v2/sshconfig/splitargs.go:62.10,62.44 1 1
github.com/k0sproject/rig/v2/sshconfig/splitargs.go:62.44,64.5 1 1
github.com/k0sproject/rig/v2/sshconfig/splitargs.go:64.10,66.5 1 1
github.com/k0sproject/rig/v2/sshconfig/splitargs.go:68.3,68.17 1 1
github.com/k0sproject/rig/v2/sshconfig/splitargs.go:68.17,70.4 1 0
github.com/k0sproject/rig/v2/sshconfig/splitargs.go:71.3,71.27 1 1
github.com/k0sproject/rig/v2/sshconfig/splitargs.go:71.27,74.4 2 1
github.com/k0sproject/rig/v2/sshconfig/splitargs.go:76.2,76.18 1 1
github.com/k0sproject/rig/v2/sshconfig/tree.go:33.71,35.2 1 1
github.com/k0sproject/rig/v2/sshconfig/tree.go:38.29,40.2 1 0
github.com/k0sproject/rig/v2/sshconfig/tree.go:43.34,45.2 1 0
github.com/k0sproject/rig/v2/sshconfig/tree.go:48.30,50.2 1 1
github.com/k0sproject/rig/v2/sshconfig/tree.go:53.26,55.2 1 0
github.com/k0sproject/rig/v2/sshconfig/tree.go:58.35,60.2 1 0
github.com/k0sproject/rig/v2/sshconfig/tree.go:63.38,65.2 1 1
github.com/k0sproject/rig/v2/sshconfig/tree.go:74.48,76.2 1 1
github.com/k0sproject/rig/v2/sshconfig/tree.go:79.43,81.40 2 1
github.com/k0sproject/rig/v2/sshconfig/tree.go:81.40,83.3 1 1
github.com/k0sproject/rig/v2/sshconfig/tree.go:84.2,84.12 1 1
github.com/k0sproject/rig/v2/sshconfig/tree.go:94.48,96.2 1 1
github.com/k0sproject/rig/v2/sshconfig/tree.go:99.37,100.23 1 1
github.com/k0sproject/rig/v2/sshconfig/tree.go:100.23,102.3 1 0
github.com/k0sproject/rig/v2/sshconfig/tree.go:103.2,103.41 1 1
github.com/k0sproject/rig/v2/sshconfig/tree.go:107.42,108.23 1 1
github.com/k0sproject/rig/v2/sshconfig/tree.go:108.23,110.3 1 0
github.com/k0sproject/rig/v2/sshconfig/tree.go:111.2,111.44 1 1
github.com/k0sproject/rig/v2/sshconfig/tree.go:115.38,116.23 1 1
github.com/k0sproject/rig/v2/sshconfig/tree.go:116.23,118.3 1 0
github.com/k0sproject/rig/v2/sshconfig/tree.go:119.2,119.42 1 1
github.com/k0sproject/rig/v2/sshconfig/tree.go:123.34,124.23 1 1
github.com/k0sproject/rig/v2/sshconfig/tree.go:124.23,126.3 1 0
github.com/k0sproject/rig/v2/sshconfig/tree.go:127.2,127.41 1 1
github.com/k0sproject/rig/v2/sshconfig/tree.go:131.36,133.2 1 0
github.com/k0sproject/rig/v2/sshconfig/tree.go:136.31,138.2 1 1
github.com/k0sproject/rig/v2/sshconfig/tree.go:141.36,142.23 1 1
github.com/k0sproject/rig/v2/sshconfig/tree.go:142.23,145.23 3 1
github.com/k0sproject/rig/v2/sshconfig/tree.go:145.23,148.4 1 1
github.com/k0sproject/rig/v2/sshconfig/tree.go:148.9,151.50 2 1
github.com/k0sproject/rig/v2/sshconfig/tree.go:151.50,154.5 1 1
github.com/k0sproject/rig/v2/sshconfig/tree.go:155.4,155.15 1 1
github.com/k0sproject/rig/v2/sshconfig/tree.go:158.2,158.14 1 1
github.com/k0sproject/rig/v2/sshconfig/tree.go:162.32,164.2 1 1
github.com/k0sproject/rig/v2/sshconfig/tree.go:183.37,184.36 1 1
github.com/k0sproject/rig/v2/sshconfig/tree.go:184.36,186.3 1 1
github.com/k0sproject/rig/v2/sshconfig/tree.go:187.2,187.45 1 0
github.com/k0sproject/rig/v2/sshconfig/tree.go:191.49,193.2 1 1
github.com/k0sproject/rig/v2/sshconfig/tree.go:195.34,196.16 1 1
github.com/k0sproject/rig/v2/sshconfig/tree.go:196.16,198.3 1 1
github.com/k0sproject/rig/v2/sshconfig/tree.go:199.2,199.27 1 1
github.com/k0sproject/rig/v2/sshconfig/tree.go:199.27,201.3 1 1
github.com/k0sproject/rig/v2/sshconfig/tree.go:202.2,202.56 1 1
github.com/k0sproject/rig/v2/sshconfig/tree.go:202.56,203.50 1 0
github.com/k0sproject/rig/v2/sshconfig/tree.go:203.50,205.4 1 0
github.com/k0sproject/rig/v2/sshconfig/tree.go:207.2,207.29 1 1
github.com/k0sproject/rig/v2/sshconfig/tree.go:207.29,209.3 1 1
github.com/k0sproject/rig/v2/sshconfig/tree.go:210.2,210.60 1 1
github.com/k0sproject/rig/v2/sshconfig/tree.go:210.60,211.52 1 0
github.com/k0sproject/rig/v2/sshconfig/tree.go:211.52,213.4 1 0
github.com/k0sproject/rig/v2/sshconfig/tree.go:222.53,226.16 3 1
github.com/k0sproject/rig/v2/sshconfig/tree.go:226.16,228.35 2 1
github.com/k0sproject/rig/v2/sshconfig/tree.go:228.35,230.4 1 0
github.com/k0sproject/rig/v2/sshconfig/tree.go:230.9,232.4 1 1
github.com/k0sproject/rig/v2/sshconfig/tree.go:233.3,233.37 1 1
github.com/k0sproject/rig/v2/sshconfig/tree.go:233.37,235.4 1 0
github.com/k0sproject/rig/v2/sshconfig/tree.go:236.3,238.83 3 1
github.com/k0sproject/rig/v2/sshconfig/tree.go:238.83,240.4 1 1
github.com/k0sproject/rig/v2/sshconfig/tree.go:241.8,244.32 3 1
github.com/k0sproject/rig/v2/sshconfig/tree.go:244.32,246.4 1 1
github.com/k0sproject/rig/v2/sshconfig/tree.go:246.9,248.41 2 1
github.com/k0sproject/rig/v2/sshconfig/tree.go:248.41,250.5 1 0
github.com/k0sproject/rig/v2/sshconfig/tree.go:252.3,252.44 1 1
github.com/k0sproject/rig/v2/sshconfig/tree.go:252.44,254.4 1 1
github.com/k0sproject/rig/v2/sshconfig/tree.go:255.3,255.17 1 1
github.com/k0sproject/rig/v2/sshconfig/tree.go:255.17,258.89 3 1
github.com/k0sproject/rig/v2/sshconfig/tree.go:258.89,260.5 1 1
github.com/k0sproject/rig/v2/sshconfig/tree.go:262.3,264.34 3 1
github.com/k0sproject/rig/v2/sshconfig/tree.go:264.34,266.4 1 1
github.com/k0sproject/rig/v2/sshconfig/tree.go:266.9,268.41 2 1
github.com/k0sproject/rig/v2/sshconfig/tree.go:268.41,270.5 1 0
github.com/k0sproject/rig/v2/sshconfig/tree.go:272.3,272.46 1 1
github.com/k0sproject/rig/v2/sshconfig/tree.go:272.46,274.4 1 1
github.com/k0sproject/rig/v2/sshconfig/tree.go:275.3,275.17 1 1
github.com/k0sproject/rig/v2/sshconfig/tree.go:275.17,278.93 3 1
github.com/k0sproject/rig/v2/sshconfig/tree.go:278.93,280.5 1 0
github.com/k0sproject/rig/v2/sshconfig/tree.go:284.2,287.82 4 1
github.com/k0sproject/rig/v2/sshconfig/tree.go:287.82,289.3 1 0
github.com/k0sproject/rig/v2/sshconfig/tree.go:292.2,292.30 1 1
github.com/k0sproject/rig/v2/sshconfig/tree.go:292.30,294.3 1 1
github.com/k0sproject/rig/v2/sshconfig/tree.go:296.2,296.35 1 1
github.com/k0sproject/rig/v2/sshconfig/tree.go:305.69,307.48 1 1
github.com/k0sproject/rig/v2/sshconfig/tree.go:307.48,307.78 1 1
github.com/k0sproject/rig/v2/sshconfig/tree.go:310.2,310.32 1 1
github.com/k0sproject/rig/v2/sshconfig/tree.go:310.32,312.3 1 1
github.com/k0sproject/rig/v2/sshconfig/tree.go:314.2,317.57 2 1
github.com/k0sproject/rig/v2/sshconfig/tree.go:317.57,317.98 1 1
github.com/k0sproject/rig/v2/sshconfig/tree.go:320.2,320.15 1 1
github.com/k0sproject/rig/v2/sshconfig/tree.go:320.15,321.57 1 1
github.com/k0sproject/rig/v2/sshconfig/tree.go:321.57,324.4 1 0
github.com/k0sproject/rig/v2/sshconfig/tree.go:325.3,325.72 1 1
github.com/k0sproject/rig/v2/sshconfig/tree.go:328.2,329.30 2 1
github.com/k0sproject/rig/v2/sshconfig/tree.go:329.30,331.3 1 0
github.com/k0sproject/rig/v2/sshconfig/tree.go:333.2,335.57 2 1
github.com/k0sproject/rig/v2/sshconfig/tree.go:335.57,335.99 1 1
github.com/k0sproject/rig/v2/sshconfig/tree.go:336.2,336.15 1 1
github.com/k0sproject/rig/v2/sshconfig/tree.go:336.15,338.3 1 1
github.com/k0sproject/rig/v2/sshconfig/tree.go:339.2,340.13 2 1
github.com/k0sproject/rig/v2/sshconfig/tree.go:341.76,343.25 1 0
github.com/k0sproject/rig/v2/sshconfig/tree.go:345.2,346.16 2 1
github.com/k0sproject/rig/v2/sshconfig/tree.go:346.16,348.3 1 0
github.com/k0sproject/rig/v2/sshconfig/tree.go:350.2,350.22 1 1
github.com/k0sproject/rig/v2/sshconfig/tree.go:350.22,352.3 1 0
github.com/k0sproject/rig/v2/sshconfig/tree.go:354.2,354.25 1 1
github.com/k0sproject/rig/v2/sshconfig/tree.go:357.98,361.21 4 1
github.com/k0sproject/rig/v2/sshconfig/tree.go:361.21,364.17 3 1
github.com/k0sproject/rig/v2/sshconfig/tree.go:364.17,366.4 1 1
github.com/k0sproject/rig/v2/sshconfig/tree.go:367.3,367.16 1 1
github.com/k0sproject/rig/v2/sshconfig/tree.go:367.16,368.12 1 1
github.com/k0sproject/rig/v2/sshconfig/tree.go:370.3,370.14 1 1
github.com/k0sproject/rig/v2/sshconfig/tree.go:371.30,374.22 3 1
github.com/k0sproject/rig/v2/sshconfig/tree.go:375.24,376.33 1 1
github.com/k0sproject/rig/v2/sshconfig/tree.go:376.33,378.78 2 1
github.com/k0sproject/rig/v2/sshconfig/tree.go:378.78,380.6 1 0
github.com/k0sproject/rig/v2/sshconfig/tree.go:381.5,381.31 1 1
github.com/k0sproject/rig/v2/sshconfig/tree.go:381.31,382.63 1 1
github.com/k0sproject/rig/v2/sshconfig/tree.go:382.63,384.7 1 1
github.com/k0sproject/rig/v2/sshconfig/tree.go:384.12,386.7 1 1
github.com/k0sproject/rig/v2/sshconfig/tree.go:388.5,388.37 1 1
github.com/k0sproject/rig/v2/sshconfig/tree.go:388.37,390.6 1 1
github.com/k0sproject/rig/v2/sshconfig/tree.go:391.5,392.19 2 1
github.com/k0sproject/rig/v2/sshconfig/tree.go:392.19,394.6 1 0
github.com/k0sproject/rig/v2/sshconfig/tree.go:395.5,396.35 2 1
github.com/k0sproject/rig/v2/sshconfig/tree.go:396.35,398.20 2 1
github.com/k0sproject/rig/v2/sshconfig/tree.go:398.20,400.7 1 0
github.com/k0sproject/rig/v2/sshconfig/tree.go:401.6,402.30 2 1
github.com/k0sproject/rig/v2/sshconfig/tree.go:402.30,404.7 1 0
github.com/k0sproject/rig/v2/sshconfig/tree.go:405.6,410.20 6 1
github.com/k0sproject/rig/v2/sshconfig/tree.go:410.20,412.7 1 1
github.com/k0sproject/rig/v2/sshconfig/tree.go:413.6,413.15 1 1
github.com/k0sproject/rig/v2/sshconfig/tree.go:416.11,417.65 1 1
github.com/k0sproject/rig/v2/sshconfig/tree.go:421.2,421.38 1 1
github.com/k0sproject/rig/v2/sshconfig/tree.go:421.38,423.3 1 0
github.com/k0sproject/rig/v2/sshconfig/tree.go:425.2,425.12 1 1
github.com/k0sproject/rig/v2/stattime/stattime.go:12.43,13.34 1 1
github.com/k0sproject/rig/v2/stattime/stattime.go:13.34,14.40 1 1
github.com/k0sproject/rig/v2/stattime/stattime.go:14.40,15.41 1 1
github.com/k0sproject/rig/v2/stattime/stattime.go:15.41,17.5 1 1
github.com/k0sproject/rig/v2/stattime/stattime.go:18.4,18.27 1 1
github.com/k0sproject/rig/v2/stattime/stattime.go:20.3,20.26 1 1
github.com/k0sproject/rig/v2/stattime/stattime.go:22.2,22.20 1 1
github.com/k0sproject/rig/v2/stattime/stattime.go:26.49,28.19 2 1
github.com/k0sproject/rig/v2/stattime/stattime.go:28.19,30.3 1 1
github.com/k0sproject/rig/v2/stattime/stattime.go:31.2,31.14 1 1
github.com/k0sproject/rig/v2/stattime/stattime.go:35.41,38.2 2 1
github.com/k0sproject/rig/v2/stattime/stattime.go:41.34,44.2 2 1
github.com/k0sproject/rig/v2/stattime/stattime.go:47.33,50.2 2 1
github.com/k0sproject/rig/v2/stattime/stattime.go:53.64,56.2 2 1
github.com/k0sproject/rig/v2/sudo/defaultprovider.go:16.52,23.3 6 0
github.com/k0sproject/rig/v2/sudo/defaultprovider.go:37.30,39.2 1 1
github.com/k0sproject/rig/v2/sudo/doas.go:9.30,11.2 1 0
github.com/k0sproject/rig/v2/sudo/doas.go:14.41,15.60 1 0
github.com/k0sproject/rig/v2/sudo/doas.go:15.60,16.20 1 0
github.com/k0sproject/rig/v2/sudo/doas.go:16.20,18.4 1 0
github.com/k0sproject/rig/v2/sudo/doas.go:19.3,19.34 1 0
github.com/k0sproject/rig/v2/sudo/doas.go:19.34,21.4 1 0
github.com/k0sproject/rig/v2/sudo/doas.go:22.3,22.40 1 0
github.com/k0sproject/rig/v2/sudo/noop.go:8.30,10.2 1 0
github.com/k0sproject/rig/v2/sudo/noop.go:13.45,14.60 1 0
github.com/k0sproject/rig/v2/sudo/noop.go:14.60,15.20 1 0
github.com/k0sproject/rig/v2/sudo/noop.go:15.20,17.4 1 0
github.com/k0sproject/rig/v2/sudo/noop.go:18.3,18.42 1 0
github.com/k0sproject/rig/v2/sudo/noop.go:18.42,20.4 1 0
github.com/k0sproject/rig/v2/sudo/noop.go:21.3,21.40 1 0
github.com/k0sproject/rig/v2/sudo/service.go:21.53,23.16 2 0
github.com/k0sproject/rig/v2/sudo/service.go:23.16,25.3 1 0
github.com/k0sproject/rig/v2/sudo/service.go:26.2,26.20 1 0
github.com/k0sproject/rig/v2/sudo/service.go:31.71,33.2 1 0
github.com/k0sproject/rig/v2/sudo/sudo.go:9.30,11.2 1 1
github.com/k0sproject/rig/v2/sudo/sudo.go:14.41,15.60 1 0
github.com/k0sproject/rig/v2/sudo/sudo.go:15.60,16.20 1 0
github.com/k0sproject/rig/v2/sudo/sudo.go:16.20,18.4 1 0
github.com/k0sproject/rig/v2/sudo/sudo.go:19.3,19.34 1 0
github.com/k0sproject/rig/v2/sudo/sudo.go:19.34,21.4 1 0
github.com/k0sproject/rig/v2/sudo/sudo.go:22.3,22.40 1 0
github.com/k0sproject/rig/v2/sudo/windows.go:13.48,14.65 1 1
github.com/k0sproject/rig/v2/sudo/windows.go:14.65,15.26 1 1
github.com/k0sproject/rig/v2/sudo/windows.go:15.26,17.4 1 1
github.com/k0sproject/rig/v2/sudo/windows.go:18.3,19.47 2 1
github.com/k0sproject/rig/v2/sudo/windows.go:19.47,21.4 1 1
github.com/k0sproject/rig/v2/sudo/windows.go:22.3,22.45 1 1
